[debug] [2022-04-29T14:07:47.265Z] ----------------------------------------------------------------------
[debug] [2022-04-29T14:07:47.268Z] Command:       /usr/local/bin/node /usr/local/bin/firebase emulators:start
[debug] [2022-04-29T14:07:47.269Z] CLI Version:   10.5.0
[debug] [2022-04-29T14:07:47.270Z] Platform:      linux
[debug] [2022-04-29T14:07:47.270Z] Node Version:  v16.13.2
[debug] [2022-04-29T14:07:47.271Z] Time:          Fri Apr 29 2022 19:37:47 GMT+0530 (India Standard Time)
[debug] [2022-04-29T14:07:47.271Z] ----------------------------------------------------------------------
[debug] 
[debug] [2022-04-29T14:07:47.441Z] Object ".hosting.rewrites[0]" in "firebase.json" has unknown property: {"additionalProperty":"source"}
[debug] [2022-04-29T14:07:47.441Z] Object ".hosting.rewrites[0]" in "firebase.json" has unknown property: {"additionalProperty":"source"}
[debug] [2022-04-29T14:07:47.442Z] Object ".hosting.rewrites[0]" in "firebase.json" has unknown property: {"additionalProperty":"source"}
[debug] [2022-04-29T14:07:47.442Z] Object ".hosting.rewrites[0]" in "firebase.json" has unknown property: {"additionalProperty":"source"}
[debug] [2022-04-29T14:07:47.442Z] Object ".hosting.rewrites[0]" in "firebase.json" has unknown property: {"additionalProperty":"type"}
[debug] [2022-04-29T14:07:47.442Z] Object ".hosting.rewrites[0]" in "firebase.json" has unknown property: {"additionalProperty":"destination"}
[debug] [2022-04-29T14:07:47.442Z] Object ".hosting.rewrites[0]" in "firebase.json" has unknown property: {"additionalProperty":"destination"}
[debug] [2022-04-29T14:07:47.442Z] Object ".hosting.rewrites[0]" in "firebase.json" has unknown property: {"additionalProperty":"destination"}
[debug] [2022-04-29T14:07:47.443Z] Object ".hosting.rewrites[0]" in "firebase.json" has unknown property: {"additionalProperty":"source"}
[debug] [2022-04-29T14:07:47.443Z] Object ".hosting.rewrites[0]" in "firebase.json" has unknown property: {"additionalProperty":"source"}
[debug] [2022-04-29T14:07:47.443Z] Object ".hosting.rewrites[0]" in "firebase.json" has unknown property: {"additionalProperty":"source"}
[debug] [2022-04-29T14:07:47.443Z] Object ".hosting.rewrites[0]" in "firebase.json" has unknown property: {"additionalProperty":"source"}
[debug] [2022-04-29T14:07:47.443Z] Field ".hosting.rewrites[0]" in "firebase.json" is possibly invalid: should match some schema in anyOf
[debug] [2022-04-29T14:07:47.443Z] Field ".hosting" in "firebase.json" is possibly invalid: should be array
[debug] [2022-04-29T14:07:47.443Z] Field ".hosting" in "firebase.json" is possibly invalid: should match some schema in anyOf
[debug] [2022-04-29T14:07:47.450Z] > command requires scopes: ["email","openid","https://www.googleapis.com/auth/cloudplatformprojects.readonly","https://www.googleapis.com/auth/firebase","https://www.googleapis.com/auth/cloud-platform"]
[debug] [2022-04-29T14:07:47.450Z] > authorizing via signed-in user (sampathkaali002@gmail.com)
[info] i  emulators: Starting emulators: functions, hosting {"metadata":{"emulator":{"name":"hub"},"message":"Starting emulators: functions, hosting"}}
[debug] [2022-04-29T14:07:47.506Z] [hub] writing locator at /tmp/hub-flat-and-flatmates-f7413.json
[warn] ⚠  functions: The following emulators are not running, calls to these services from the Functions emulator will affect production: auth, firestore, database, pubsub, storage {"metadata":{"emulator":{"name":"functions"},"message":"The following emulators are not running, calls to these services from the Functions emulator will affect production: \u001b[1mauth, firestore, database, pubsub, storage\u001b[22m"}}
[info] ✔  functions: Using node@16 from host. {"metadata":{"emulator":{"name":"functions"},"message":"Using node@16 from host."}}
[debug] [2022-04-29T14:07:47.548Z] defaultcredentials: writing to file /home/sampath/.config/firebase/sampathkaali002_gmail_com_application_default_credentials.json
[debug] [2022-04-29T14:07:47.662Z] Setting GAC to /home/sampath/.config/firebase/sampathkaali002_gmail_com_application_default_credentials.json {"metadata":{"emulator":{"name":"functions"},"message":"Setting GAC to /home/sampath/.config/firebase/sampathkaali002_gmail_com_application_default_credentials.json"}}
[debug] [2022-04-29T14:07:47.670Z] >>> [apiv2][query] GET https://firebase.googleapis.com/v1beta1/projects/flat-and-flatmates-f7413/adminSdkConfig [none]
[debug] [2022-04-29T14:07:48.452Z] <<< [apiv2][status] GET https://firebase.googleapis.com/v1beta1/projects/flat-and-flatmates-f7413/adminSdkConfig 200
[debug] [2022-04-29T14:07:48.453Z] <<< [apiv2][body] GET https://firebase.googleapis.com/v1beta1/projects/flat-and-flatmates-f7413/adminSdkConfig {"projectId":"flat-and-flatmates-f7413","databaseURL":"https://flat-and-flatmates-f7413.firebaseio.com","storageBucket":"flat-and-flatmates-f7413.appspot.com","locationId":"us-central"}
[debug] [2022-04-29T14:07:48.599Z] >>> [apiv2][query] GET https://firebasehosting.googleapis.com/v1beta1/projects/flat-and-flatmates-f7413/sites 
[debug] [2022-04-29T14:07:50.489Z] <<< [apiv2][status] GET https://firebasehosting.googleapis.com/v1beta1/projects/flat-and-flatmates-f7413/sites 200
[debug] [2022-04-29T14:07:50.489Z] <<< [apiv2][body] GET https://firebasehosting.googleapis.com/v1beta1/projects/flat-and-flatmates-f7413/sites {"sites":[{"name":"projects/flat-and-flatmates-f7413/sites/flat-and-flatmates-f7413","defaultUrl":"https://flat-and-flatmates-f7413.web.app","type":"DEFAULT_SITE"}]}
[debug] [2022-04-29T14:07:50.490Z] >>> [apiv2][query] GET https://firebase.googleapis.com/v1beta1/projects/flat-and-flatmates-f7413/webApps/-/config [none]
[debug] [2022-04-29T14:07:51.514Z] <<< [apiv2][status] GET https://firebase.googleapis.com/v1beta1/projects/flat-and-flatmates-f7413/webApps/-/config 200
[debug] [2022-04-29T14:07:51.515Z] <<< [apiv2][body] GET https://firebase.googleapis.com/v1beta1/projects/flat-and-flatmates-f7413/webApps/-/config {"projectId":"flat-and-flatmates-f7413","databaseURL":"https://flat-and-flatmates-f7413.firebaseio.com","storageBucket":"flat-and-flatmates-f7413.appspot.com","locationId":"us-central","apiKey":"AIzaSyA521z5DxfFHb5KxMWUP0Gogv7PnF82Kd4","authDomain":"flat-and-flatmates-f7413.firebaseapp.com","messagingSenderId":"349843979688"}
[info] i  hosting: Serving hosting files from: build {"metadata":{"emulator":{"name":"hosting"},"message":"Serving hosting files from: \u001b[1mbuild\u001b[22m"}}
[info] ✔  hosting: Local server: http://localhost:5000 {"metadata":{"emulator":{"name":"hosting"},"message":"Local server: \u001b[4m\u001b[1mhttp://localhost:5000\u001b[22m\u001b[24m"}}
[debug] [2022-04-29T14:07:51.813Z] Ignoring unsupported arg: auto_download {"metadata":{"emulator":{"name":"ui"},"message":"Ignoring unsupported arg: auto_download"}}
[debug] [2022-04-29T14:07:51.815Z] Ignoring unsupported arg: port {"metadata":{"emulator":{"name":"ui"},"message":"Ignoring unsupported arg: port"}}
[debug] [2022-04-29T14:07:51.815Z] Starting Emulator UI with command {"binary":"node","args":["/home/sampath/.cache/firebase/emulators/ui-v1.6.5/server.bundle.js"],"optionalArgs":[],"joinArgs":false} {"metadata":{"emulator":{"name":"ui"},"message":"Starting Emulator UI with command {\"binary\":\"node\",\"args\":[\"/home/sampath/.cache/firebase/emulators/ui-v1.6.5/server.bundle.js\"],\"optionalArgs\":[],\"joinArgs\":false}"}}
[info] i  ui: Emulator UI logging to ui-debug.log {"metadata":{"emulator":{"name":"ui"},"message":"Emulator UI logging to \u001b[1mui-debug.log\u001b[22m"}}
[debug] [2022-04-29T14:07:52.164Z] Web / API server started at localhost:4000
 {"metadata":{"emulator":{"name":"ui"},"message":"Web / API server started at localhost:4000\n"}}
[info] i  functions: Watching "/home/sampath/Documents/intern-tasks/quickstay/functions" for Cloud Functions... {"metadata":{"emulator":{"name":"functions"},"message":"Watching \"/home/sampath/Documents/intern-tasks/quickstay/functions\" for Cloud Functions..."}}
[debug] [2022-04-29T14:07:52.394Z] Validating nodejs source
[warn] ⚠  functions: package.json indicates an outdated version of firebase-functions. Please upgrade using npm install --save firebase-functions@latest in your functions directory. 
[debug] [2022-04-29T14:07:55.362Z] > [functions] package.json contents: {
  "name": "functions",
  "description": "Cloud Functions for Firebase",
  "scripts": {
    "serve": "firebase emulators:start --only functions",
    "shell": "firebase functions:shell",
    "start": "npm run shell",
    "deploy": "firebase deploy --only functions",
    "logs": "firebase functions:log"
  },
  "engines": {
    "node": "16"
  },
  "main": "index.js",
  "dependencies": {
    "cors": "^2.8.5",
    "crypto": "^1.0.1",
    "express": "^4.17.3",
    "firebase-admin": "^10.0.2",
    "firebase-functions": "^3.18.0",
    "razorpay": "^2.8.0"
  },
  "devDependencies": {
    "firebase-functions-test": "^0.2.0"
  },
  "private": true
}
[debug] [2022-04-29T14:07:55.363Z] Building nodejs source
[debug] [2022-04-29T14:07:55.363Z] Analyzing nodejs backend spec
[info] ✔  functions[us-central1-api]: http function initialized (http://localhost:5001/flat-and-flatmates-f7413/us-central1/api). {"metadata":{"emulator":{"name":"functions"},"message":"\u001b[1mhttp\u001b[22m function initialized (http://localhost:5001/flat-and-flatmates-f7413/us-central1/api)."}}
[info] 
┌─────────────────────────────────────────────────────────────┐
│ ✔  All emulators ready! It is now safe to connect your app. │
│ i  View Emulator UI at http://localhost:4000                │
└─────────────────────────────────────────────────────────────┘

┌───────────┬────────────────┬─────────────────────────────────┐
│ Emulator  │ Host:Port      │ View in Emulator UI             │
├───────────┼────────────────┼─────────────────────────────────┤
│ Functions │ localhost:5001 │ http://localhost:4000/functions │
├───────────┼────────────────┼─────────────────────────────────┤
│ Hosting   │ localhost:5000 │ n/a                             │
└───────────┴────────────────┴─────────────────────────────────┘
  Emulator Hub running at localhost:4400
  Other reserved ports: 4500

Issues? Report them at https://github.com/firebase/firebase-tools/issues and attach the *-debug.log files.
 
[info] [hosting] Rewriting / to http://localhost:5001/flat-and-flatmates-f7413/us-central1/api for local Function us-central1/api
[debug] [2022-04-29T14:08:01.883Z] >>> [apiv2][query] GET http://localhost:5001/flat-and-flatmates-f7413/us-central1/api/ 
[debug] [2022-04-29T14:08:01.904Z] [work-queue] {"queueLength":1,"workRunningCount":0}
[debug] [2022-04-29T14:08:01.908Z] [work-queue] {"queueLength":0,"workRunningCount":1}
[debug] [2022-04-29T14:08:01.910Z] Accepted request GET /flat-and-flatmates-f7413/us-central1/api/ --> us-central1-api
[debug] [2022-04-29T14:08:01.950Z] [worker-pool] addWorker(us-central1-api) {"metadata":{"emulator":{"name":"functions"},"message":"[worker-pool] addWorker(us-central1-api)"}}
[debug] [2022-04-29T14:08:01.951Z] [worker-pool] Adding worker with key us-central1-api, total=1 {"metadata":{"emulator":{"name":"functions"},"message":"[worker-pool] Adding worker with key us-central1-api, total=1"}}
[debug] [2022-04-29T14:08:01.951Z] [worker-pool] submitWork(triggerId=us-central1-api) {"metadata":{"emulator":{"name":"functions"},"message":"[worker-pool] submitWork(triggerId=us-central1-api)"}}
[debug] [2022-04-29T14:08:01.955Z] [worker-us-central1-api-64a4ea1f-ad9c-48d7-bbb6-aa0f72dc1269]: Assigning socketPath: /tmp/fire_emu_10151.sock {"metadata":{"emulator":{"name":"functions"},"message":"[worker-us-central1-api-64a4ea1f-ad9c-48d7-bbb6-aa0f72dc1269]: Assigning socketPath: /tmp/fire_emu_10151.sock"}}
[debug] [2022-04-29T14:08:01.956Z] [worker-us-central1-api-64a4ea1f-ad9c-48d7-bbb6-aa0f72dc1269]: BUSY {"metadata":{"emulator":{"name":"functions"},"message":"[worker-us-central1-api-64a4ea1f-ad9c-48d7-bbb6-aa0f72dc1269]: BUSY"}}
[debug] [2022-04-29T14:08:04.384Z] [runtime-status] [10151] Functions runtime initialized. {"cwd":"/home/sampath/Documents/intern-tasks/quickstay/functions","node_version":"16.13.2"} {"metadata":{"emulator":{"name":"functions"},"function":{"name":"us-central1-api"},"extension":{},"message":"[runtime-status] [10151] Functions runtime initialized. {\"cwd\":\"/home/sampath/Documents/intern-tasks/quickstay/functions\",\"node_version\":\"16.13.2\"}"}}
[debug] [2022-04-29T14:08:04.386Z] [runtime-status] [10151] Disabled runtime features: undefined {"metadata":{"emulator":{"name":"functions"},"function":{"name":"us-central1-api"},"extension":{},"message":"[runtime-status] [10151] Disabled runtime features: undefined"}}
[debug] [2022-04-29T14:08:04.390Z] [runtime-status] [10151] Resolved module firebase-admin {"declared":true,"installed":true,"version":"10.0.2","resolution":"/home/sampath/Documents/intern-tasks/quickstay/functions/node_modules/firebase-admin/lib/index.js"} {"metadata":{"emulator":{"name":"functions"},"function":{"name":"us-central1-api"},"extension":{},"message":"[runtime-status] [10151] Resolved module firebase-admin {\"declared\":true,\"installed\":true,\"version\":\"10.0.2\",\"resolution\":\"/home/sampath/Documents/intern-tasks/quickstay/functions/node_modules/firebase-admin/lib/index.js\"}"}}
[debug] [2022-04-29T14:08:04.393Z] [runtime-status] [10151] Resolved module firebase-functions {"declared":true,"installed":true,"version":"3.18.1","resolution":"/home/sampath/Documents/intern-tasks/quickstay/functions/node_modules/firebase-functions/lib/index.js"} {"metadata":{"emulator":{"name":"functions"},"function":{"name":"us-central1-api"},"extension":{},"message":"[runtime-status] [10151] Resolved module firebase-functions {\"declared\":true,\"installed\":true,\"version\":\"3.18.1\",\"resolution\":\"/home/sampath/Documents/intern-tasks/quickstay/functions/node_modules/firebase-functions/lib/index.js\"}"}}
[debug] [2022-04-29T14:08:04.395Z] [runtime-status] [10151] Outgoing network have been stubbed. [{"name":"http","status":"mocked"},{"name":"http","status":"mocked"},{"name":"https","status":"mocked"},{"name":"https","status":"mocked"},{"name":"net","status":"mocked"}] {"metadata":{"emulator":{"name":"functions"},"function":{"name":"us-central1-api"},"extension":{},"message":"[runtime-status] [10151] Outgoing network have been stubbed. [{\"name\":\"http\",\"status\":\"mocked\"},{\"name\":\"http\",\"status\":\"mocked\"},{\"name\":\"https\",\"status\":\"mocked\"},{\"name\":\"https\",\"status\":\"mocked\"},{\"name\":\"net\",\"status\":\"mocked\"}]"}}
[debug] [2022-04-29T14:08:04.397Z] [runtime-status] [10151] Resolved module firebase-functions {"declared":true,"installed":true,"version":"3.18.1","resolution":"/home/sampath/Documents/intern-tasks/quickstay/functions/node_modules/firebase-functions/lib/index.js"} {"metadata":{"emulator":{"name":"functions"},"function":{"name":"us-central1-api"},"extension":{},"message":"[runtime-status] [10151] Resolved module firebase-functions {\"declared\":true,\"installed\":true,\"version\":\"3.18.1\",\"resolution\":\"/home/sampath/Documents/intern-tasks/quickstay/functions/node_modules/firebase-functions/lib/index.js\"}"}}
[debug] [2022-04-29T14:08:04.472Z] [runtime-status] [10151] Checked functions.config() {"config":{}} {"metadata":{"emulator":{"name":"functions"},"function":{"name":"us-central1-api"},"extension":{},"message":"[runtime-status] [10151] Checked functions.config() {\"config\":{}}"}}
[debug] [2022-04-29T14:08:04.473Z] [runtime-status] [10151] firebase-functions has been stubbed. {"functionsResolution":{"declared":true,"installed":true,"version":"3.18.1","resolution":"/home/sampath/Documents/intern-tasks/quickstay/functions/node_modules/firebase-functions/lib/index.js"}} {"metadata":{"emulator":{"name":"functions"},"function":{"name":"us-central1-api"},"extension":{},"message":"[runtime-status] [10151] firebase-functions has been stubbed. {\"functionsResolution\":{\"declared\":true,\"installed\":true,\"version\":\"3.18.1\",\"resolution\":\"/home/sampath/Documents/intern-tasks/quickstay/functions/node_modules/firebase-functions/lib/index.js\"}}"}}
[debug] [2022-04-29T14:08:04.475Z] [runtime-status] [10151] Resolved module firebase-functions {"declared":true,"installed":true,"version":"3.18.1","resolution":"/home/sampath/Documents/intern-tasks/quickstay/functions/node_modules/firebase-functions/lib/index.js"} {"metadata":{"emulator":{"name":"functions"},"function":{"name":"us-central1-api"},"extension":{},"message":"[runtime-status] [10151] Resolved module firebase-functions {\"declared\":true,\"installed\":true,\"version\":\"3.18.1\",\"resolution\":\"/home/sampath/Documents/intern-tasks/quickstay/functions/node_modules/firebase-functions/lib/index.js\"}"}}
[debug] [2022-04-29T14:08:04.482Z] [runtime-status] [10151] Resolved module firebase-admin {"declared":true,"installed":true,"version":"10.0.2","resolution":"/home/sampath/Documents/intern-tasks/quickstay/functions/node_modules/firebase-admin/lib/index.js"} {"metadata":{"emulator":{"name":"functions"},"function":{"name":"us-central1-api"},"extension":{},"message":"[runtime-status] [10151] Resolved module firebase-admin {\"declared\":true,\"installed\":true,\"version\":\"10.0.2\",\"resolution\":\"/home/sampath/Documents/intern-tasks/quickstay/functions/node_modules/firebase-admin/lib/index.js\"}"}}
[debug] [2022-04-29T14:08:04.484Z] [runtime-status] [10151] Resolved module firebase-functions {"declared":true,"installed":true,"version":"3.18.1","resolution":"/home/sampath/Documents/intern-tasks/quickstay/functions/node_modules/firebase-functions/lib/index.js"} {"metadata":{"emulator":{"name":"functions"},"function":{"name":"us-central1-api"},"extension":{},"message":"[runtime-status] [10151] Resolved module firebase-functions {\"declared\":true,\"installed\":true,\"version\":\"3.18.1\",\"resolution\":\"/home/sampath/Documents/intern-tasks/quickstay/functions/node_modules/firebase-functions/lib/index.js\"}"}}
[debug] [2022-04-29T14:08:04.485Z] [runtime-status] [10151] firebase-admin has been stubbed. {"adminResolution":{"declared":true,"installed":true,"version":"10.0.2","resolution":"/home/sampath/Documents/intern-tasks/quickstay/functions/node_modules/firebase-admin/lib/index.js"}} {"metadata":{"emulator":{"name":"functions"},"function":{"name":"us-central1-api"},"extension":{},"message":"[runtime-status] [10151] firebase-admin has been stubbed. {\"adminResolution\":{\"declared\":true,\"installed\":true,\"version\":\"10.0.2\",\"resolution\":\"/home/sampath/Documents/intern-tasks/quickstay/functions/node_modules/firebase-admin/lib/index.js\"}}"}}
[debug] [2022-04-29T14:08:04.902Z] [runtime-status] [10151] Beginning invocation function api! {"metadata":{"emulator":{"name":"functions"},"function":{"name":"us-central1-api"},"extension":{},"message":"[runtime-status] [10151] Beginning invocation function api!"}}
[info] i  functions: Beginning execution of "api" {"metadata":{"emulator":{"name":"functions"},"function":{"name":"us-central1-api"},"extension":{},"message":"Beginning execution of \"api\""}}
[debug] [2022-04-29T14:08:04.917Z] [runtime-status] [10151] Running api in signature http {"metadata":{"emulator":{"name":"functions"},"function":{"name":"us-central1-api"},"extension":{},"message":"[runtime-status] [10151] Running api in signature http"}}
[debug] [2022-04-29T14:08:04.933Z] [runtime-status] [10151] Attempting to listen to socketPath: /tmp/fire_emu_10151.sock {"metadata":{"emulator":{"name":"functions"},"function":{"name":"us-central1-api"},"extension":{},"message":"[runtime-status] [10151] Attempting to listen to socketPath: /tmp/fire_emu_10151.sock"}}
[debug] [2022-04-29T14:08:04.952Z] [functions] Runtime ready! Sending request! {"metadata":{"emulator":{"name":"functions"},"message":"[functions] Runtime ready! Sending request!"}}
[debug] [2022-04-29T14:08:04.956Z] [functions] Got req.url=/flat-and-flatmates-f7413/us-central1/api/, mapping to path=/ {"metadata":{"emulator":{"name":"functions"},"message":"[functions] Got req.url=/flat-and-flatmates-f7413/us-central1/api/, mapping to path=/"}}
[debug] [2022-04-29T14:08:04.997Z] [runtime-status] [10151] Ephemeral server handling GET request {"metadata":{"emulator":{"name":"functions"},"function":{"name":"us-central1-api"},"extension":{},"message":"[runtime-status] [10151] Ephemeral server handling GET request"}}
[debug] [2022-04-29T14:08:05.024Z] <<< [apiv2][status] GET http://localhost:5001/flat-and-flatmates-f7413/us-central1/api/ 200
[debug] [2022-04-29T14:08:05.030Z] <<< [apiv2][body] GET http://localhost:5001/flat-and-flatmates-f7413/us-central1/api/ [stream]
[info] i  hosting: 127.0.0.1 - - [29/Apr/2022:14:08:05 +0000] "GET / HTTP/1.1" 200 4802 "-" "Mozilla/5.0 (X11; Linux x86_64) AppleWebKit/537.36 (KHTML, like Gecko) Chrome/101.0.4951.41 Safari/537.36" {"metadata":{"emulator":{"name":"hosting"},"message":"127.0.0.1 - - [29/Apr/2022:14:08:05 +0000] \"GET / HTTP/1.1\" 200 4802 \"-\" \"Mozilla/5.0 (X11; Linux x86_64) AppleWebKit/537.36 (KHTML, like Gecko) Chrome/101.0.4951.41 Safari/537.36\""}}
[debug] [2022-04-29T14:08:05.066Z] [runtime-status] [10151] Ephemeral server survived. {"metadata":{"emulator":{"name":"functions"},"function":{"name":"us-central1-api"},"extension":{},"message":"[runtime-status] [10151] Ephemeral server survived."}}
[info] i  functions: Finished "api" in ~1s {"metadata":{"emulator":{"name":"functions"},"function":{"name":"us-central1-api"},"extension":{},"message":"Finished \"api\" in ~1s"}}
[debug] [2022-04-29T14:08:05.072Z] [worker-us-central1-api-64a4ea1f-ad9c-48d7-bbb6-aa0f72dc1269]: IDLE {"metadata":{"emulator":{"name":"functions"},"message":"[worker-us-central1-api-64a4ea1f-ad9c-48d7-bbb6-aa0f72dc1269]: IDLE"}}
[debug] [2022-04-29T14:08:05.079Z] [work-queue] {"queueLength":0,"workRunningCount":0}
[info] i  hosting: 127.0.0.1 - - [29/Apr/2022:14:08:05 +0000] "GET /static/js/2.8d0a9f14.chunk.js HTTP/1.1" 200 1237692 "http://localhost:5000/" "Mozilla/5.0 (X11; Linux x86_64) AppleWebKit/537.36 (KHTML, like Gecko) Chrome/101.0.4951.41 Safari/537.36" {"metadata":{"emulator":{"name":"hosting"},"message":"127.0.0.1 - - [29/Apr/2022:14:08:05 +0000] \"GET /static/js/2.8d0a9f14.chunk.js HTTP/1.1\" 200 1237692 \"http://localhost:5000/\" \"Mozilla/5.0 (X11; Linux x86_64) AppleWebKit/537.36 (KHTML, like Gecko) Chrome/101.0.4951.41 Safari/537.36\""}}
[info] i  hosting: 127.0.0.1 - - [29/Apr/2022:14:08:05 +0000] "GET /static/js/main.76929c6d.chunk.js HTTP/1.1" 200 1409018 "http://localhost:5000/" "Mozilla/5.0 (X11; Linux x86_64) AppleWebKit/537.36 (KHTML, like Gecko) Chrome/101.0.4951.41 Safari/537.36" {"metadata":{"emulator":{"name":"hosting"},"message":"127.0.0.1 - - [29/Apr/2022:14:08:05 +0000] \"GET /static/js/main.76929c6d.chunk.js HTTP/1.1\" 200 1409018 \"http://localhost:5000/\" \"Mozilla/5.0 (X11; Linux x86_64) AppleWebKit/537.36 (KHTML, like Gecko) Chrome/101.0.4951.41 Safari/537.36\""}}
[info] i  hosting: 127.0.0.1 - - [29/Apr/2022:14:08:07 +0000] "GET /static/media/living-room.fa33c81a.webp HTTP/1.1" 200 173680 "http://localhost:5000/" "Mozilla/5.0 (X11; Linux x86_64) AppleWebKit/537.36 (KHTML, like Gecko) Chrome/101.0.4951.41 Safari/537.36" {"metadata":{"emulator":{"name":"hosting"},"message":"127.0.0.1 - - [29/Apr/2022:14:08:07 +0000] \"GET /static/media/living-room.fa33c81a.webp HTTP/1.1\" 200 173680 \"http://localhost:5000/\" \"Mozilla/5.0 (X11; Linux x86_64) AppleWebKit/537.36 (KHTML, like Gecko) Chrome/101.0.4951.41 Safari/537.36\""}}
[info] i  hosting: 127.0.0.1 - - [29/Apr/2022:14:08:07 +0000] "GET /static/media/Chennai.0b043069.webp HTTP/1.1" 200 56816 "http://localhost:5000/" "Mozilla/5.0 (X11; Linux x86_64) AppleWebKit/537.36 (KHTML, like Gecko) Chrome/101.0.4951.41 Safari/537.36" {"metadata":{"emulator":{"name":"hosting"},"message":"127.0.0.1 - - [29/Apr/2022:14:08:07 +0000] \"GET /static/media/Chennai.0b043069.webp HTTP/1.1\" 200 56816 \"http://localhost:5000/\" \"Mozilla/5.0 (X11; Linux x86_64) AppleWebKit/537.36 (KHTML, like Gecko) Chrome/101.0.4951.41 Safari/537.36\""}}
[info] i  hosting: 127.0.0.1 - - [29/Apr/2022:14:08:07 +0000] "GET /static/media/Jaipur.af904a44.webp HTTP/1.1" 200 52272 "http://localhost:5000/" "Mozilla/5.0 (X11; Linux x86_64) AppleWebKit/537.36 (KHTML, like Gecko) Chrome/101.0.4951.41 Safari/537.36" {"metadata":{"emulator":{"name":"hosting"},"message":"127.0.0.1 - - [29/Apr/2022:14:08:07 +0000] \"GET /static/media/Jaipur.af904a44.webp HTTP/1.1\" 200 52272 \"http://localhost:5000/\" \"Mozilla/5.0 (X11; Linux x86_64) AppleWebKit/537.36 (KHTML, like Gecko) Chrome/101.0.4951.41 Safari/537.36\""}}
[info] i  hosting: 127.0.0.1 - - [29/Apr/2022:14:08:07 +0000] "GET /static/media/Mumbai.35949731.webp HTTP/1.1" 200 54636 "http://localhost:5000/" "Mozilla/5.0 (X11; Linux x86_64) AppleWebKit/537.36 (KHTML, like Gecko) Chrome/101.0.4951.41 Safari/537.36" {"metadata":{"emulator":{"name":"hosting"},"message":"127.0.0.1 - - [29/Apr/2022:14:08:07 +0000] \"GET /static/media/Mumbai.35949731.webp HTTP/1.1\" 200 54636 \"http://localhost:5000/\" \"Mozilla/5.0 (X11; Linux x86_64) AppleWebKit/537.36 (KHTML, like Gecko) Chrome/101.0.4951.41 Safari/537.36\""}}
[info] i  hosting: 127.0.0.1 - - [29/Apr/2022:14:08:07 +0000] "GET /static/media/DownloadApp.0cae6a54.webp HTTP/1.1" 200 67884 "http://localhost:5000/" "Mozilla/5.0 (X11; Linux x86_64) AppleWebKit/537.36 (KHTML, like Gecko) Chrome/101.0.4951.41 Safari/537.36" {"metadata":{"emulator":{"name":"hosting"},"message":"127.0.0.1 - - [29/Apr/2022:14:08:07 +0000] \"GET /static/media/DownloadApp.0cae6a54.webp HTTP/1.1\" 200 67884 \"http://localhost:5000/\" \"Mozilla/5.0 (X11; Linux x86_64) AppleWebKit/537.36 (KHTML, like Gecko) Chrome/101.0.4951.41 Safari/537.36\""}}
[info] [hosting] Rewriting /cities/1-rk-on-rent-in-powai to http://localhost:5001/flat-and-flatmates-f7413/us-central1/api for local Function us-central1/api
[debug] [2022-04-29T14:08:24.167Z] >>> [apiv2][query] GET http://localhost:5001/flat-and-flatmates-f7413/us-central1/api/cities/1-rk-on-rent-in-powai 
[debug] [2022-04-29T14:08:24.179Z] [work-queue] {"queueLength":1,"workRunningCount":0}
[debug] [2022-04-29T14:08:24.181Z] [work-queue] {"queueLength":0,"workRunningCount":1}
[debug] [2022-04-29T14:08:24.181Z] Accepted request GET /flat-and-flatmates-f7413/us-central1/api/cities/1-rk-on-rent-in-powai --> us-central1-api
[debug] [2022-04-29T14:08:24.182Z] [worker-pool] submitWork(triggerId=us-central1-api) {"metadata":{"emulator":{"name":"functions"},"message":"[worker-pool] submitWork(triggerId=us-central1-api)"}}
[debug] [2022-04-29T14:08:24.183Z] [worker-us-central1-api-64a4ea1f-ad9c-48d7-bbb6-aa0f72dc1269]: Assigning socketPath: /tmp/fire_emu_10151.sock {"metadata":{"emulator":{"name":"functions"},"message":"[worker-us-central1-api-64a4ea1f-ad9c-48d7-bbb6-aa0f72dc1269]: Assigning socketPath: /tmp/fire_emu_10151.sock"}}
[debug] [2022-04-29T14:08:24.184Z] [worker-us-central1-api-64a4ea1f-ad9c-48d7-bbb6-aa0f72dc1269]: BUSY {"metadata":{"emulator":{"name":"functions"},"message":"[worker-us-central1-api-64a4ea1f-ad9c-48d7-bbb6-aa0f72dc1269]: BUSY"}}
[debug] [2022-04-29T14:08:24.185Z] [runtime-status] [10151] Beginning invocation function api! {"metadata":{"emulator":{"name":"functions"},"function":{"name":"us-central1-api"},"extension":{},"message":"[runtime-status] [10151] Beginning invocation function api!"}}
[info] i  functions: Beginning execution of "api" {"metadata":{"emulator":{"name":"functions"},"function":{"name":"us-central1-api"},"extension":{},"message":"Beginning execution of \"api\""}}
[debug] [2022-04-29T14:08:24.191Z] [runtime-status] [10151] Running api in signature http {"metadata":{"emulator":{"name":"functions"},"function":{"name":"us-central1-api"},"extension":{},"message":"[runtime-status] [10151] Running api in signature http"}}
[debug] [2022-04-29T14:08:24.192Z] [runtime-status] [10151] Attempting to listen to socketPath: /tmp/fire_emu_10151.sock {"metadata":{"emulator":{"name":"functions"},"function":{"name":"us-central1-api"},"extension":{},"message":"[runtime-status] [10151] Attempting to listen to socketPath: /tmp/fire_emu_10151.sock"}}
[debug] [2022-04-29T14:08:24.200Z] [functions] Runtime ready! Sending request! {"metadata":{"emulator":{"name":"functions"},"message":"[functions] Runtime ready! Sending request!"}}
[debug] [2022-04-29T14:08:24.201Z] [functions] Got req.url=/flat-and-flatmates-f7413/us-central1/api/cities/1-rk-on-rent-in-powai, mapping to path=/cities/1-rk-on-rent-in-powai {"metadata":{"emulator":{"name":"functions"},"message":"[functions] Got req.url=/flat-and-flatmates-f7413/us-central1/api/cities/1-rk-on-rent-in-powai, mapping to path=/cities/1-rk-on-rent-in-powai"}}
[debug] [2022-04-29T14:08:24.232Z] [runtime-status] [10151] Ephemeral server handling GET request {"metadata":{"emulator":{"name":"functions"},"function":{"name":"us-central1-api"},"extension":{},"message":"[runtime-status] [10151] Ephemeral server handling GET request"}}
[debug] [2022-04-29T14:08:24.250Z] [runtime-status] [10151] Ephemeral server survived. {"metadata":{"emulator":{"name":"functions"},"function":{"name":"us-central1-api"},"extension":{},"message":"[runtime-status] [10151] Ephemeral server survived."}}
[debug] [2022-04-29T14:08:24.258Z] <<< [apiv2][status] GET http://localhost:5001/flat-and-flatmates-f7413/us-central1/api/cities/1-rk-on-rent-in-powai 500
[debug] [2022-04-29T14:08:24.258Z] <<< [apiv2][body] GET http://localhost:5001/flat-and-flatmates-f7413/us-central1/api/cities/1-rk-on-rent-in-powai [stream]
[info] i  hosting: 127.0.0.1 - - [29/Apr/2022:14:08:24 +0000] "GET /cities/1-rk-on-rent-in-powai HTTP/1.1" 500 3143 "http://localhost:5000/" "Mozilla/5.0 (X11; Linux x86_64) AppleWebKit/537.36 (KHTML, like Gecko) Chrome/101.0.4951.41 Safari/537.36" {"metadata":{"emulator":{"name":"hosting"},"message":"127.0.0.1 - - [29/Apr/2022:14:08:24 +0000] \"GET /cities/1-rk-on-rent-in-powai HTTP/1.1\" 500 3143 \"http://localhost:5000/\" \"Mozilla/5.0 (X11; Linux x86_64) AppleWebKit/537.36 (KHTML, like Gecko) Chrome/101.0.4951.41 Safari/537.36\""}}
[info] i  functions: Finished "api" in ~1s {"metadata":{"emulator":{"name":"functions"},"function":{"name":"us-central1-api"},"extension":{},"message":"Finished \"api\" in ~1s"}}
[debug] [2022-04-29T14:08:24.309Z] [worker-us-central1-api-64a4ea1f-ad9c-48d7-bbb6-aa0f72dc1269]: IDLE {"metadata":{"emulator":{"name":"functions"},"message":"[worker-us-central1-api-64a4ea1f-ad9c-48d7-bbb6-aa0f72dc1269]: IDLE"}}
[debug] [2022-04-29T14:08:24.310Z] [work-queue] {"queueLength":0,"workRunningCount":0}
[info] >  TypeError: Cannot read properties of undefined (reading 'title') {"user":"TypeError: Cannot read properties of undefined (reading 'title')","metadata":{"emulator":{"name":"functions"},"function":{"name":"us-central1-api"},"extension":{},"message":"\u001b[90m> \u001b[39m TypeError: Cannot read properties of undefined (reading 'title')"}}
[info] >      at /home/sampath/Documents/intern-tasks/quickstay/functions/index.js:199:25 {"user":"    at /home/sampath/Documents/intern-tasks/quickstay/functions/index.js:199:25","metadata":{"emulator":{"name":"functions"},"function":{"name":"us-central1-api"},"extension":{},"message":"\u001b[90m> \u001b[39m     at /home/sampath/Documents/intern-tasks/quickstay/functions/index.js:199:25"}}
[info] >      at Layer.handle [as handle_request] (/home/sampath/Documents/intern-tasks/quickstay/functions/node_modules/express/lib/router/layer.js:95:5) {"user":"    at Layer.handle [as handle_request] (/home/sampath/Documents/intern-tasks/quickstay/functions/node_modules/express/lib/router/layer.js:95:5)","metadata":{"emulator":{"name":"functions"},"function":{"name":"us-central1-api"},"extension":{},"message":"\u001b[90m> \u001b[39m     at Layer.handle [as handle_request] (/home/sampath/Documents/intern-tasks/quickstay/functions/node_modules/express/lib/router/layer.js:95:5)"}}
[info] >      at next (/home/sampath/Documents/intern-tasks/quickstay/functions/node_modules/express/lib/router/route.js:137:13) {"user":"    at next (/home/sampath/Documents/intern-tasks/quickstay/functions/node_modules/express/lib/router/route.js:137:13)","metadata":{"emulator":{"name":"functions"},"function":{"name":"us-central1-api"},"extension":{},"message":"\u001b[90m> \u001b[39m     at next (/home/sampath/Documents/intern-tasks/quickstay/functions/node_modules/express/lib/router/route.js:137:13)"}}
[info] >      at Route.dispatch (/home/sampath/Documents/intern-tasks/quickstay/functions/node_modules/express/lib/router/route.js:112:3) {"user":"    at Route.dispatch (/home/sampath/Documents/intern-tasks/quickstay/functions/node_modules/express/lib/router/route.js:112:3)","metadata":{"emulator":{"name":"functions"},"function":{"name":"us-central1-api"},"extension":{},"message":"\u001b[90m> \u001b[39m     at Route.dispatch (/home/sampath/Documents/intern-tasks/quickstay/functions/node_modules/express/lib/router/route.js:112:3)"}}
[info] >      at Layer.handle [as handle_request] (/home/sampath/Documents/intern-tasks/quickstay/functions/node_modules/express/lib/router/layer.js:95:5) {"user":"    at Layer.handle [as handle_request] (/home/sampath/Documents/intern-tasks/quickstay/functions/node_modules/express/lib/router/layer.js:95:5)","metadata":{"emulator":{"name":"functions"},"function":{"name":"us-central1-api"},"extension":{},"message":"\u001b[90m> \u001b[39m     at Layer.handle [as handle_request] (/home/sampath/Documents/intern-tasks/quickstay/functions/node_modules/express/lib/router/layer.js:95:5)"}}
[info] >      at /home/sampath/Documents/intern-tasks/quickstay/functions/node_modules/express/lib/router/index.js:281:22 {"user":"    at /home/sampath/Documents/intern-tasks/quickstay/functions/node_modules/express/lib/router/index.js:281:22","metadata":{"emulator":{"name":"functions"},"function":{"name":"us-central1-api"},"extension":{},"message":"\u001b[90m> \u001b[39m     at /home/sampath/Documents/intern-tasks/quickstay/functions/node_modules/express/lib/router/index.js:281:22"}}
[info] >      at param (/home/sampath/Documents/intern-tasks/quickstay/functions/node_modules/express/lib/router/index.js:360:14) {"user":"    at param (/home/sampath/Documents/intern-tasks/quickstay/functions/node_modules/express/lib/router/index.js:360:14)","metadata":{"emulator":{"name":"functions"},"function":{"name":"us-central1-api"},"extension":{},"message":"\u001b[90m> \u001b[39m     at param (/home/sampath/Documents/intern-tasks/quickstay/functions/node_modules/express/lib/router/index.js:360:14)"}}
[info] >      at param (/home/sampath/Documents/intern-tasks/quickstay/functions/node_modules/express/lib/router/index.js:371:14) {"user":"    at param (/home/sampath/Documents/intern-tasks/quickstay/functions/node_modules/express/lib/router/index.js:371:14)","metadata":{"emulator":{"name":"functions"},"function":{"name":"us-central1-api"},"extension":{},"message":"\u001b[90m> \u001b[39m     at param (/home/sampath/Documents/intern-tasks/quickstay/functions/node_modules/express/lib/router/index.js:371:14)"}}
[info] >      at Function.process_params (/home/sampath/Documents/intern-tasks/quickstay/functions/node_modules/express/lib/router/index.js:416:3) {"user":"    at Function.process_params (/home/sampath/Documents/intern-tasks/quickstay/functions/node_modules/express/lib/router/index.js:416:3)","metadata":{"emulator":{"name":"functions"},"function":{"name":"us-central1-api"},"extension":{},"message":"\u001b[90m> \u001b[39m     at Function.process_params (/home/sampath/Documents/intern-tasks/quickstay/functions/node_modules/express/lib/router/index.js:416:3)"}}
[info] >      at next (/home/sampath/Documents/intern-tasks/quickstay/functions/node_modules/express/lib/router/index.js:275:10) {"user":"    at next (/home/sampath/Documents/intern-tasks/quickstay/functions/node_modules/express/lib/router/index.js:275:10)","metadata":{"emulator":{"name":"functions"},"function":{"name":"us-central1-api"},"extension":{},"message":"\u001b[90m> \u001b[39m     at next (/home/sampath/Documents/intern-tasks/quickstay/functions/node_modules/express/lib/router/index.js:275:10)"}}
[info] >      at jsonParser (/home/sampath/Documents/intern-tasks/quickstay/functions/node_modules/body-parser/lib/types/json.js:110:7) {"user":"    at jsonParser (/home/sampath/Documents/intern-tasks/quickstay/functions/node_modules/body-parser/lib/types/json.js:110:7)","metadata":{"emulator":{"name":"functions"},"function":{"name":"us-central1-api"},"extension":{},"message":"\u001b[90m> \u001b[39m     at jsonParser (/home/sampath/Documents/intern-tasks/quickstay/functions/node_modules/body-parser/lib/types/json.js:110:7)"}}
[info] >      at Layer.handle [as handle_request] (/home/sampath/Documents/intern-tasks/quickstay/functions/node_modules/express/lib/router/layer.js:95:5) {"user":"    at Layer.handle [as handle_request] (/home/sampath/Documents/intern-tasks/quickstay/functions/node_modules/express/lib/router/layer.js:95:5)","metadata":{"emulator":{"name":"functions"},"function":{"name":"us-central1-api"},"extension":{},"message":"\u001b[90m> \u001b[39m     at Layer.handle [as handle_request] (/home/sampath/Documents/intern-tasks/quickstay/functions/node_modules/express/lib/router/layer.js:95:5)"}}
[info] >      at trim_prefix (/home/sampath/Documents/intern-tasks/quickstay/functions/node_modules/express/lib/router/index.js:323:13) {"user":"    at trim_prefix (/home/sampath/Documents/intern-tasks/quickstay/functions/node_modules/express/lib/router/index.js:323:13)","metadata":{"emulator":{"name":"functions"},"function":{"name":"us-central1-api"},"extension":{},"message":"\u001b[90m> \u001b[39m     at trim_prefix (/home/sampath/Documents/intern-tasks/quickstay/functions/node_modules/express/lib/router/index.js:323:13)"}}
[info] >      at /home/sampath/Documents/intern-tasks/quickstay/functions/node_modules/express/lib/router/index.js:284:7 {"user":"    at /home/sampath/Documents/intern-tasks/quickstay/functions/node_modules/express/lib/router/index.js:284:7","metadata":{"emulator":{"name":"functions"},"function":{"name":"us-central1-api"},"extension":{},"message":"\u001b[90m> \u001b[39m     at /home/sampath/Documents/intern-tasks/quickstay/functions/node_modules/express/lib/router/index.js:284:7"}}
[info] >      at Function.process_params (/home/sampath/Documents/intern-tasks/quickstay/functions/node_modules/express/lib/router/index.js:341:12) {"user":"    at Function.process_params (/home/sampath/Documents/intern-tasks/quickstay/functions/node_modules/express/lib/router/index.js:341:12)","metadata":{"emulator":{"name":"functions"},"function":{"name":"us-central1-api"},"extension":{},"message":"\u001b[90m> \u001b[39m     at Function.process_params (/home/sampath/Documents/intern-tasks/quickstay/functions/node_modules/express/lib/router/index.js:341:12)"}}
[info] >      at next (/home/sampath/Documents/intern-tasks/quickstay/functions/node_modules/express/lib/router/index.js:275:10) {"user":"    at next (/home/sampath/Documents/intern-tasks/quickstay/functions/node_modules/express/lib/router/index.js:275:10)","metadata":{"emulator":{"name":"functions"},"function":{"name":"us-central1-api"},"extension":{},"message":"\u001b[90m> \u001b[39m     at next (/home/sampath/Documents/intern-tasks/quickstay/functions/node_modules/express/lib/router/index.js:275:10)"}}
[info] >      at cors (/home/sampath/Documents/intern-tasks/quickstay/functions/node_modules/cors/lib/index.js:188:7) {"user":"    at cors (/home/sampath/Documents/intern-tasks/quickstay/functions/node_modules/cors/lib/index.js:188:7)","metadata":{"emulator":{"name":"functions"},"function":{"name":"us-central1-api"},"extension":{},"message":"\u001b[90m> \u001b[39m     at cors (/home/sampath/Documents/intern-tasks/quickstay/functions/node_modules/cors/lib/index.js:188:7)"}}
[info] >      at /home/sampath/Documents/intern-tasks/quickstay/functions/node_modules/cors/lib/index.js:224:17 {"user":"    at /home/sampath/Documents/intern-tasks/quickstay/functions/node_modules/cors/lib/index.js:224:17","metadata":{"emulator":{"name":"functions"},"function":{"name":"us-central1-api"},"extension":{},"message":"\u001b[90m> \u001b[39m     at /home/sampath/Documents/intern-tasks/quickstay/functions/node_modules/cors/lib/index.js:224:17"}}
[info] >      at originCallback (/home/sampath/Documents/intern-tasks/quickstay/functions/node_modules/cors/lib/index.js:214:15) {"user":"    at originCallback (/home/sampath/Documents/intern-tasks/quickstay/functions/node_modules/cors/lib/index.js:214:15)","metadata":{"emulator":{"name":"functions"},"function":{"name":"us-central1-api"},"extension":{},"message":"\u001b[90m> \u001b[39m     at originCallback (/home/sampath/Documents/intern-tasks/quickstay/functions/node_modules/cors/lib/index.js:214:15)"}}
[info] >      at /home/sampath/Documents/intern-tasks/quickstay/functions/node_modules/cors/lib/index.js:219:13 {"user":"    at /home/sampath/Documents/intern-tasks/quickstay/functions/node_modules/cors/lib/index.js:219:13","metadata":{"emulator":{"name":"functions"},"function":{"name":"us-central1-api"},"extension":{},"message":"\u001b[90m> \u001b[39m     at /home/sampath/Documents/intern-tasks/quickstay/functions/node_modules/cors/lib/index.js:219:13"}}
[info] >      at optionsCallback (/home/sampath/Documents/intern-tasks/quickstay/functions/node_modules/cors/lib/index.js:199:9) {"user":"    at optionsCallback (/home/sampath/Documents/intern-tasks/quickstay/functions/node_modules/cors/lib/index.js:199:9)","metadata":{"emulator":{"name":"functions"},"function":{"name":"us-central1-api"},"extension":{},"message":"\u001b[90m> \u001b[39m     at optionsCallback (/home/sampath/Documents/intern-tasks/quickstay/functions/node_modules/cors/lib/index.js:199:9)"}}
[info] >      at corsMiddleware (/home/sampath/Documents/intern-tasks/quickstay/functions/node_modules/cors/lib/index.js:204:7) {"user":"    at corsMiddleware (/home/sampath/Documents/intern-tasks/quickstay/functions/node_modules/cors/lib/index.js:204:7)","metadata":{"emulator":{"name":"functions"},"function":{"name":"us-central1-api"},"extension":{},"message":"\u001b[90m> \u001b[39m     at corsMiddleware (/home/sampath/Documents/intern-tasks/quickstay/functions/node_modules/cors/lib/index.js:204:7)"}}
[debug] [2022-04-29T14:13:36.823Z] File /home/sampath/Documents/intern-tasks/quickstay/functions/index.js changed, reloading triggers {"metadata":{"emulator":{"name":"functions"},"message":"File /home/sampath/Documents/intern-tasks/quickstay/functions/index.js changed, reloading triggers"}}
[debug] [2022-04-29T14:13:37.826Z] [worker-pool] Shutting down IDLE worker (us-central1-api) {"metadata":{"emulator":{"name":"functions"},"message":"[worker-pool] Shutting down IDLE worker (us-central1-api)"}}
[debug] [2022-04-29T14:13:37.827Z] [worker-us-central1-api-64a4ea1f-ad9c-48d7-bbb6-aa0f72dc1269]: FINISHING {"metadata":{"emulator":{"name":"functions"},"message":"[worker-us-central1-api-64a4ea1f-ad9c-48d7-bbb6-aa0f72dc1269]: FINISHING"}}
[debug] [2022-04-29T14:13:37.837Z] Validating nodejs source
[warn] ⚠  functions: package.json indicates an outdated version of firebase-functions. Please upgrade using npm install --save firebase-functions@latest in your functions directory. 
[debug] [2022-04-29T14:13:40.945Z] > [functions] package.json contents: {
  "name": "functions",
  "description": "Cloud Functions for Firebase",
  "scripts": {
    "serve": "firebase emulators:start --only functions",
    "shell": "firebase functions:shell",
    "start": "npm run shell",
    "deploy": "firebase deploy --only functions",
    "logs": "firebase functions:log"
  },
  "engines": {
    "node": "16"
  },
  "main": "index.js",
  "dependencies": {
    "cors": "^2.8.5",
    "crypto": "^1.0.1",
    "express": "^4.17.3",
    "firebase-admin": "^10.0.2",
    "firebase-functions": "^3.18.0",
    "razorpay": "^2.8.0"
  },
  "devDependencies": {
    "firebase-functions-test": "^0.2.0"
  },
  "private": true
}
[debug] [2022-04-29T14:13:40.945Z] Building nodejs source
[debug] [2022-04-29T14:13:40.945Z] Analyzing nodejs backend spec
[debug] [2022-04-29T14:13:40.961Z] [worker-us-central1-api-64a4ea1f-ad9c-48d7-bbb6-aa0f72dc1269]: exited {"metadata":{"emulator":{"name":"functions"},"message":"[worker-us-central1-api-64a4ea1f-ad9c-48d7-bbb6-aa0f72dc1269]: exited"}}
[debug] [2022-04-29T14:13:40.962Z] [worker-us-central1-api-64a4ea1f-ad9c-48d7-bbb6-aa0f72dc1269]: FINISHED {"metadata":{"emulator":{"name":"functions"},"message":"[worker-us-central1-api-64a4ea1f-ad9c-48d7-bbb6-aa0f72dc1269]: FINISHED"}}
[info] [hosting] Rewriting / to http://localhost:5001/flat-and-flatmates-f7413/us-central1/api for local Function us-central1/api
[debug] [2022-04-29T14:13:47.646Z] >>> [apiv2][query] GET http://localhost:5001/flat-and-flatmates-f7413/us-central1/api/ 
[debug] [2022-04-29T14:13:47.660Z] [work-queue] {"queueLength":1,"workRunningCount":0}
[debug] [2022-04-29T14:13:47.667Z] [work-queue] {"queueLength":0,"workRunningCount":1}
[debug] [2022-04-29T14:13:47.667Z] Accepted request GET /flat-and-flatmates-f7413/us-central1/api/ --> us-central1-api
[debug] [2022-04-29T14:13:47.668Z] [worker-pool] Cleaned up workers for us-central1-api: 1 --> 0 {"metadata":{"emulator":{"name":"functions"},"message":"[worker-pool] Cleaned up workers for us-central1-api: 1 --> 0"}}
[debug] [2022-04-29T14:13:47.718Z] [worker-pool] addWorker(us-central1-api) {"metadata":{"emulator":{"name":"functions"},"message":"[worker-pool] addWorker(us-central1-api)"}}
[debug] [2022-04-29T14:13:47.722Z] [worker-pool] Adding worker with key us-central1-api, total=1 {"metadata":{"emulator":{"name":"functions"},"message":"[worker-pool] Adding worker with key us-central1-api, total=1"}}
[debug] [2022-04-29T14:13:47.723Z] [worker-pool] submitWork(triggerId=us-central1-api) {"metadata":{"emulator":{"name":"functions"},"message":"[worker-pool] submitWork(triggerId=us-central1-api)"}}
[debug] [2022-04-29T14:13:47.724Z] [worker-us-central1-api-def2fcd3-c29a-4e93-8aae-8472c7614381]: Assigning socketPath: /tmp/fire_emu_10426.sock {"metadata":{"emulator":{"name":"functions"},"message":"[worker-us-central1-api-def2fcd3-c29a-4e93-8aae-8472c7614381]: Assigning socketPath: /tmp/fire_emu_10426.sock"}}
[debug] [2022-04-29T14:13:47.726Z] [worker-us-central1-api-def2fcd3-c29a-4e93-8aae-8472c7614381]: BUSY {"metadata":{"emulator":{"name":"functions"},"message":"[worker-us-central1-api-def2fcd3-c29a-4e93-8aae-8472c7614381]: BUSY"}}
[debug] [2022-04-29T14:13:50.304Z] [runtime-status] [10426] Functions runtime initialized. {"cwd":"/home/sampath/Documents/intern-tasks/quickstay/functions","node_version":"16.13.2"} {"metadata":{"emulator":{"name":"functions"},"function":{"name":"us-central1-api"},"extension":{},"message":"[runtime-status] [10426] Functions runtime initialized. {\"cwd\":\"/home/sampath/Documents/intern-tasks/quickstay/functions\",\"node_version\":\"16.13.2\"}"}}
[debug] [2022-04-29T14:13:50.322Z] [runtime-status] [10426] Disabled runtime features: undefined {"metadata":{"emulator":{"name":"functions"},"function":{"name":"us-central1-api"},"extension":{},"message":"[runtime-status] [10426] Disabled runtime features: undefined"}}
[debug] [2022-04-29T14:13:50.325Z] [runtime-status] [10426] Resolved module firebase-admin {"declared":true,"installed":true,"version":"10.0.2","resolution":"/home/sampath/Documents/intern-tasks/quickstay/functions/node_modules/firebase-admin/lib/index.js"} {"metadata":{"emulator":{"name":"functions"},"function":{"name":"us-central1-api"},"extension":{},"message":"[runtime-status] [10426] Resolved module firebase-admin {\"declared\":true,\"installed\":true,\"version\":\"10.0.2\",\"resolution\":\"/home/sampath/Documents/intern-tasks/quickstay/functions/node_modules/firebase-admin/lib/index.js\"}"}}
[debug] [2022-04-29T14:13:50.331Z] [runtime-status] [10426] Resolved module firebase-functions {"declared":true,"installed":true,"version":"3.18.1","resolution":"/home/sampath/Documents/intern-tasks/quickstay/functions/node_modules/firebase-functions/lib/index.js"} {"metadata":{"emulator":{"name":"functions"},"function":{"name":"us-central1-api"},"extension":{},"message":"[runtime-status] [10426] Resolved module firebase-functions {\"declared\":true,\"installed\":true,\"version\":\"3.18.1\",\"resolution\":\"/home/sampath/Documents/intern-tasks/quickstay/functions/node_modules/firebase-functions/lib/index.js\"}"}}
[debug] [2022-04-29T14:13:50.335Z] [runtime-status] [10426] Outgoing network have been stubbed. [{"name":"http","status":"mocked"},{"name":"http","status":"mocked"},{"name":"https","status":"mocked"},{"name":"https","status":"mocked"},{"name":"net","status":"mocked"}] {"metadata":{"emulator":{"name":"functions"},"function":{"name":"us-central1-api"},"extension":{},"message":"[runtime-status] [10426] Outgoing network have been stubbed. [{\"name\":\"http\",\"status\":\"mocked\"},{\"name\":\"http\",\"status\":\"mocked\"},{\"name\":\"https\",\"status\":\"mocked\"},{\"name\":\"https\",\"status\":\"mocked\"},{\"name\":\"net\",\"status\":\"mocked\"}]"}}
[debug] [2022-04-29T14:13:50.337Z] [runtime-status] [10426] Resolved module firebase-functions {"declared":true,"installed":true,"version":"3.18.1","resolution":"/home/sampath/Documents/intern-tasks/quickstay/functions/node_modules/firebase-functions/lib/index.js"} {"metadata":{"emulator":{"name":"functions"},"function":{"name":"us-central1-api"},"extension":{},"message":"[runtime-status] [10426] Resolved module firebase-functions {\"declared\":true,\"installed\":true,\"version\":\"3.18.1\",\"resolution\":\"/home/sampath/Documents/intern-tasks/quickstay/functions/node_modules/firebase-functions/lib/index.js\"}"}}
[debug] [2022-04-29T14:13:50.412Z] [runtime-status] [10426] Checked functions.config() {"config":{}} {"metadata":{"emulator":{"name":"functions"},"function":{"name":"us-central1-api"},"extension":{},"message":"[runtime-status] [10426] Checked functions.config() {\"config\":{}}"}}
[debug] [2022-04-29T14:13:50.413Z] [runtime-status] [10426] firebase-functions has been stubbed. {"functionsResolution":{"declared":true,"installed":true,"version":"3.18.1","resolution":"/home/sampath/Documents/intern-tasks/quickstay/functions/node_modules/firebase-functions/lib/index.js"}} {"metadata":{"emulator":{"name":"functions"},"function":{"name":"us-central1-api"},"extension":{},"message":"[runtime-status] [10426] firebase-functions has been stubbed. {\"functionsResolution\":{\"declared\":true,\"installed\":true,\"version\":\"3.18.1\",\"resolution\":\"/home/sampath/Documents/intern-tasks/quickstay/functions/node_modules/firebase-functions/lib/index.js\"}}"}}
[debug] [2022-04-29T14:13:50.415Z] [runtime-status] [10426] Resolved module firebase-functions {"declared":true,"installed":true,"version":"3.18.1","resolution":"/home/sampath/Documents/intern-tasks/quickstay/functions/node_modules/firebase-functions/lib/index.js"} {"metadata":{"emulator":{"name":"functions"},"function":{"name":"us-central1-api"},"extension":{},"message":"[runtime-status] [10426] Resolved module firebase-functions {\"declared\":true,\"installed\":true,\"version\":\"3.18.1\",\"resolution\":\"/home/sampath/Documents/intern-tasks/quickstay/functions/node_modules/firebase-functions/lib/index.js\"}"}}
[debug] [2022-04-29T14:13:50.419Z] [runtime-status] [10426] Resolved module firebase-admin {"declared":true,"installed":true,"version":"10.0.2","resolution":"/home/sampath/Documents/intern-tasks/quickstay/functions/node_modules/firebase-admin/lib/index.js"} {"metadata":{"emulator":{"name":"functions"},"function":{"name":"us-central1-api"},"extension":{},"message":"[runtime-status] [10426] Resolved module firebase-admin {\"declared\":true,\"installed\":true,\"version\":\"10.0.2\",\"resolution\":\"/home/sampath/Documents/intern-tasks/quickstay/functions/node_modules/firebase-admin/lib/index.js\"}"}}
[debug] [2022-04-29T14:13:50.420Z] [runtime-status] [10426] Resolved module firebase-functions {"declared":true,"installed":true,"version":"3.18.1","resolution":"/home/sampath/Documents/intern-tasks/quickstay/functions/node_modules/firebase-functions/lib/index.js"} {"metadata":{"emulator":{"name":"functions"},"function":{"name":"us-central1-api"},"extension":{},"message":"[runtime-status] [10426] Resolved module firebase-functions {\"declared\":true,\"installed\":true,\"version\":\"3.18.1\",\"resolution\":\"/home/sampath/Documents/intern-tasks/quickstay/functions/node_modules/firebase-functions/lib/index.js\"}"}}
[debug] [2022-04-29T14:13:50.421Z] [runtime-status] [10426] firebase-admin has been stubbed. {"adminResolution":{"declared":true,"installed":true,"version":"10.0.2","resolution":"/home/sampath/Documents/intern-tasks/quickstay/functions/node_modules/firebase-admin/lib/index.js"}} {"metadata":{"emulator":{"name":"functions"},"function":{"name":"us-central1-api"},"extension":{},"message":"[runtime-status] [10426] firebase-admin has been stubbed. {\"adminResolution\":{\"declared\":true,\"installed\":true,\"version\":\"10.0.2\",\"resolution\":\"/home/sampath/Documents/intern-tasks/quickstay/functions/node_modules/firebase-admin/lib/index.js\"}}"}}
[debug] [2022-04-29T14:13:50.822Z] [runtime-status] [10426] Beginning invocation function api! {"metadata":{"emulator":{"name":"functions"},"function":{"name":"us-central1-api"},"extension":{},"message":"[runtime-status] [10426] Beginning invocation function api!"}}
[info] i  functions: Beginning execution of "api" {"metadata":{"emulator":{"name":"functions"},"function":{"name":"us-central1-api"},"extension":{},"message":"Beginning execution of \"api\""}}
[debug] [2022-04-29T14:13:50.825Z] [runtime-status] [10426] Running api in signature http {"metadata":{"emulator":{"name":"functions"},"function":{"name":"us-central1-api"},"extension":{},"message":"[runtime-status] [10426] Running api in signature http"}}
[debug] [2022-04-29T14:13:50.841Z] [runtime-status] [10426] Attempting to listen to socketPath: /tmp/fire_emu_10426.sock {"metadata":{"emulator":{"name":"functions"},"function":{"name":"us-central1-api"},"extension":{},"message":"[runtime-status] [10426] Attempting to listen to socketPath: /tmp/fire_emu_10426.sock"}}
[debug] [2022-04-29T14:13:50.852Z] [functions] Runtime ready! Sending request! {"metadata":{"emulator":{"name":"functions"},"message":"[functions] Runtime ready! Sending request!"}}
[debug] [2022-04-29T14:13:50.853Z] [functions] Got req.url=/flat-and-flatmates-f7413/us-central1/api/, mapping to path=/ {"metadata":{"emulator":{"name":"functions"},"message":"[functions] Got req.url=/flat-and-flatmates-f7413/us-central1/api/, mapping to path=/"}}
[debug] [2022-04-29T14:13:50.874Z] [runtime-status] [10426] Ephemeral server handling GET request {"metadata":{"emulator":{"name":"functions"},"function":{"name":"us-central1-api"},"extension":{},"message":"[runtime-status] [10426] Ephemeral server handling GET request"}}
[debug] [2022-04-29T14:13:50.890Z] [runtime-status] [10426] Ephemeral server survived. {"metadata":{"emulator":{"name":"functions"},"function":{"name":"us-central1-api"},"extension":{},"message":"[runtime-status] [10426] Ephemeral server survived."}}
[debug] [2022-04-29T14:13:50.891Z] <<< [apiv2][status] GET http://localhost:5001/flat-and-flatmates-f7413/us-central1/api/ 200
[debug] [2022-04-29T14:13:50.892Z] <<< [apiv2][body] GET http://localhost:5001/flat-and-flatmates-f7413/us-central1/api/ [stream]
[info] i  hosting: 127.0.0.1 - - [29/Apr/2022:14:13:50 +0000] "GET / HTTP/1.1" 200 4802 "-" "Mozilla/5.0 (X11; Linux x86_64) AppleWebKit/537.36 (KHTML, like Gecko) Chrome/101.0.4951.41 Safari/537.36" {"metadata":{"emulator":{"name":"hosting"},"message":"127.0.0.1 - - [29/Apr/2022:14:13:50 +0000] \"GET / HTTP/1.1\" 200 4802 \"-\" \"Mozilla/5.0 (X11; Linux x86_64) AppleWebKit/537.36 (KHTML, like Gecko) Chrome/101.0.4951.41 Safari/537.36\""}}
[info] i  functions: Finished "api" in ~1s {"metadata":{"emulator":{"name":"functions"},"function":{"name":"us-central1-api"},"extension":{},"message":"Finished \"api\" in ~1s"}}
[debug] [2022-04-29T14:13:50.926Z] [worker-us-central1-api-def2fcd3-c29a-4e93-8aae-8472c7614381]: IDLE {"metadata":{"emulator":{"name":"functions"},"message":"[worker-us-central1-api-def2fcd3-c29a-4e93-8aae-8472c7614381]: IDLE"}}
[debug] [2022-04-29T14:13:50.927Z] [work-queue] {"queueLength":0,"workRunningCount":0}
[info] [hosting] Rewriting /cities/1-rk-on-rent-for-girls-in-hsr-layout to http://localhost:5001/flat-and-flatmates-f7413/us-central1/api for local Function us-central1/api
[debug] [2022-04-29T14:13:56.610Z] >>> [apiv2][query] GET http://localhost:5001/flat-and-flatmates-f7413/us-central1/api/cities/1-rk-on-rent-for-girls-in-hsr-layout 
[debug] [2022-04-29T14:13:56.617Z] [work-queue] {"queueLength":1,"workRunningCount":0}
[debug] [2022-04-29T14:13:56.619Z] [work-queue] {"queueLength":0,"workRunningCount":1}
[debug] [2022-04-29T14:13:56.620Z] Accepted request GET /flat-and-flatmates-f7413/us-central1/api/cities/1-rk-on-rent-for-girls-in-hsr-layout --> us-central1-api
[debug] [2022-04-29T14:13:56.621Z] [worker-pool] submitWork(triggerId=us-central1-api) {"metadata":{"emulator":{"name":"functions"},"message":"[worker-pool] submitWork(triggerId=us-central1-api)"}}
[debug] [2022-04-29T14:13:56.622Z] [worker-us-central1-api-def2fcd3-c29a-4e93-8aae-8472c7614381]: Assigning socketPath: /tmp/fire_emu_10426.sock {"metadata":{"emulator":{"name":"functions"},"message":"[worker-us-central1-api-def2fcd3-c29a-4e93-8aae-8472c7614381]: Assigning socketPath: /tmp/fire_emu_10426.sock"}}
[debug] [2022-04-29T14:13:56.624Z] [worker-us-central1-api-def2fcd3-c29a-4e93-8aae-8472c7614381]: BUSY {"metadata":{"emulator":{"name":"functions"},"message":"[worker-us-central1-api-def2fcd3-c29a-4e93-8aae-8472c7614381]: BUSY"}}
[debug] [2022-04-29T14:13:56.626Z] [runtime-status] [10426] Beginning invocation function api! {"metadata":{"emulator":{"name":"functions"},"function":{"name":"us-central1-api"},"extension":{},"message":"[runtime-status] [10426] Beginning invocation function api!"}}
[info] i  functions: Beginning execution of "api" {"metadata":{"emulator":{"name":"functions"},"function":{"name":"us-central1-api"},"extension":{},"message":"Beginning execution of \"api\""}}
[debug] [2022-04-29T14:13:56.629Z] [runtime-status] [10426] Running api in signature http {"metadata":{"emulator":{"name":"functions"},"function":{"name":"us-central1-api"},"extension":{},"message":"[runtime-status] [10426] Running api in signature http"}}
[debug] [2022-04-29T14:13:56.630Z] [runtime-status] [10426] Attempting to listen to socketPath: /tmp/fire_emu_10426.sock {"metadata":{"emulator":{"name":"functions"},"function":{"name":"us-central1-api"},"extension":{},"message":"[runtime-status] [10426] Attempting to listen to socketPath: /tmp/fire_emu_10426.sock"}}
[debug] [2022-04-29T14:13:56.644Z] [functions] Runtime ready! Sending request! {"metadata":{"emulator":{"name":"functions"},"message":"[functions] Runtime ready! Sending request!"}}
[debug] [2022-04-29T14:13:56.646Z] [functions] Got req.url=/flat-and-flatmates-f7413/us-central1/api/cities/1-rk-on-rent-for-girls-in-hsr-layout, mapping to path=/cities/1-rk-on-rent-for-girls-in-hsr-layout {"metadata":{"emulator":{"name":"functions"},"message":"[functions] Got req.url=/flat-and-flatmates-f7413/us-central1/api/cities/1-rk-on-rent-for-girls-in-hsr-layout, mapping to path=/cities/1-rk-on-rent-for-girls-in-hsr-layout"}}
[debug] [2022-04-29T14:13:56.663Z] [runtime-status] [10426] Ephemeral server handling GET request {"metadata":{"emulator":{"name":"functions"},"function":{"name":"us-central1-api"},"extension":{},"message":"[runtime-status] [10426] Ephemeral server handling GET request"}}
[debug] [2022-04-29T14:13:56.665Z] [runtime-status] [10426] Ephemeral server survived. {"metadata":{"emulator":{"name":"functions"},"function":{"name":"us-central1-api"},"extension":{},"message":"[runtime-status] [10426] Ephemeral server survived."}}
[info] i  functions: Finished "api" in ~1s {"metadata":{"emulator":{"name":"functions"},"function":{"name":"us-central1-api"},"extension":{},"message":"Finished \"api\" in ~1s"}}
[debug] [2022-04-29T14:13:56.673Z] [worker-us-central1-api-def2fcd3-c29a-4e93-8aae-8472c7614381]: IDLE {"metadata":{"emulator":{"name":"functions"},"message":"[worker-us-central1-api-def2fcd3-c29a-4e93-8aae-8472c7614381]: IDLE"}}
[debug] [2022-04-29T14:13:56.684Z] [work-queue] {"queueLength":0,"workRunningCount":0}
[debug] [2022-04-29T14:13:56.686Z] <<< [apiv2][status] GET http://localhost:5001/flat-and-flatmates-f7413/us-central1/api/cities/1-rk-on-rent-for-girls-in-hsr-layout 200
[debug] [2022-04-29T14:13:56.686Z] <<< [apiv2][body] GET http://localhost:5001/flat-and-flatmates-f7413/us-central1/api/cities/1-rk-on-rent-for-girls-in-hsr-layout [stream]
[info] i  hosting: 127.0.0.1 - - [29/Apr/2022:14:13:56 +0000] "GET /cities/1-rk-on-rent-for-girls-in-hsr-layout HTTP/1.1" 200 5002 "http://localhost:5000/" "Mozilla/5.0 (X11; Linux x86_64) AppleWebKit/537.36 (KHTML, like Gecko) Chrome/101.0.4951.41 Safari/537.36" {"metadata":{"emulator":{"name":"hosting"},"message":"127.0.0.1 - - [29/Apr/2022:14:13:56 +0000] \"GET /cities/1-rk-on-rent-for-girls-in-hsr-layout HTTP/1.1\" 200 5002 \"http://localhost:5000/\" \"Mozilla/5.0 (X11; Linux x86_64) AppleWebKit/537.36 (KHTML, like Gecko) Chrome/101.0.4951.41 Safari/537.36\""}}
[info] i  hosting: 127.0.0.1 - - [29/Apr/2022:14:13:57 +0000] "GET /static/js/2.8d0a9f14.chunk.js HTTP/1.1" 200 1237692 "http://localhost:5000/cities/1-rk-on-rent-for-girls-in-hsr-layout" "Mozilla/5.0 (X11; Linux x86_64) AppleWebKit/537.36 (KHTML, like Gecko) Chrome/101.0.4951.41 Safari/537.36" {"metadata":{"emulator":{"name":"hosting"},"message":"127.0.0.1 - - [29/Apr/2022:14:13:57 +0000] \"GET /static/js/2.8d0a9f14.chunk.js HTTP/1.1\" 200 1237692 \"http://localhost:5000/cities/1-rk-on-rent-for-girls-in-hsr-layout\" \"Mozilla/5.0 (X11; Linux x86_64) AppleWebKit/537.36 (KHTML, like Gecko) Chrome/101.0.4951.41 Safari/537.36\""}}
[info] i  hosting: 127.0.0.1 - - [29/Apr/2022:14:13:57 +0000] "GET /static/js/main.76929c6d.chunk.js HTTP/1.1" 200 1409018 "http://localhost:5000/cities/1-rk-on-rent-for-girls-in-hsr-layout" "Mozilla/5.0 (X11; Linux x86_64) AppleWebKit/537.36 (KHTML, like Gecko) Chrome/101.0.4951.41 Safari/537.36" {"metadata":{"emulator":{"name":"hosting"},"message":"127.0.0.1 - - [29/Apr/2022:14:13:57 +0000] \"GET /static/js/main.76929c6d.chunk.js HTTP/1.1\" 200 1409018 \"http://localhost:5000/cities/1-rk-on-rent-for-girls-in-hsr-layout\" \"Mozilla/5.0 (X11; Linux x86_64) AppleWebKit/537.36 (KHTML, like Gecko) Chrome/101.0.4951.41 Safari/537.36\""}}
[debug] [2022-04-29T14:14:52.539Z] File /home/sampath/Documents/intern-tasks/quickstay/functions/index.js changed, reloading triggers {"metadata":{"emulator":{"name":"functions"},"message":"File /home/sampath/Documents/intern-tasks/quickstay/functions/index.js changed, reloading triggers"}}
[debug] [2022-04-29T14:14:53.540Z] [worker-pool] Shutting down IDLE worker (us-central1-api) {"metadata":{"emulator":{"name":"functions"},"message":"[worker-pool] Shutting down IDLE worker (us-central1-api)"}}
[debug] [2022-04-29T14:14:53.540Z] [worker-us-central1-api-def2fcd3-c29a-4e93-8aae-8472c7614381]: FINISHING {"metadata":{"emulator":{"name":"functions"},"message":"[worker-us-central1-api-def2fcd3-c29a-4e93-8aae-8472c7614381]: FINISHING"}}
[debug] [2022-04-29T14:14:53.543Z] Validating nodejs source
[warn] ⚠  functions: package.json indicates an outdated version of firebase-functions. Please upgrade using npm install --save firebase-functions@latest in your functions directory. 
[debug] [2022-04-29T14:14:56.060Z] > [functions] package.json contents: {
  "name": "functions",
  "description": "Cloud Functions for Firebase",
  "scripts": {
    "serve": "firebase emulators:start --only functions",
    "shell": "firebase functions:shell",
    "start": "npm run shell",
    "deploy": "firebase deploy --only functions",
    "logs": "firebase functions:log"
  },
  "engines": {
    "node": "16"
  },
  "main": "index.js",
  "dependencies": {
    "cors": "^2.8.5",
    "crypto": "^1.0.1",
    "express": "^4.17.3",
    "firebase-admin": "^10.0.2",
    "firebase-functions": "^3.18.0",
    "razorpay": "^2.8.0"
  },
  "devDependencies": {
    "firebase-functions-test": "^0.2.0"
  },
  "private": true
}
[debug] [2022-04-29T14:14:56.060Z] Building nodejs source
[debug] [2022-04-29T14:14:56.060Z] Analyzing nodejs backend spec
[debug] [2022-04-29T14:14:56.082Z] [worker-us-central1-api-def2fcd3-c29a-4e93-8aae-8472c7614381]: exited {"metadata":{"emulator":{"name":"functions"},"message":"[worker-us-central1-api-def2fcd3-c29a-4e93-8aae-8472c7614381]: exited"}}
[debug] [2022-04-29T14:14:56.083Z] [worker-us-central1-api-def2fcd3-c29a-4e93-8aae-8472c7614381]: FINISHED {"metadata":{"emulator":{"name":"functions"},"message":"[worker-us-central1-api-def2fcd3-c29a-4e93-8aae-8472c7614381]: FINISHED"}}
[info] [hosting] Rewriting /cities/2-bhk-house-for-rent-in-hsr-layout to http://localhost:5001/flat-and-flatmates-f7413/us-central1/api for local Function us-central1/api
[debug] [2022-04-29T14:14:59.102Z] >>> [apiv2][query] GET http://localhost:5001/flat-and-flatmates-f7413/us-central1/api/cities/2-bhk-house-for-rent-in-hsr-layout 
[debug] [2022-04-29T14:14:59.139Z] [work-queue] {"queueLength":1,"workRunningCount":0}
[debug] [2022-04-29T14:14:59.139Z] [work-queue] {"queueLength":0,"workRunningCount":1}
[debug] [2022-04-29T14:14:59.140Z] Accepted request GET /flat-and-flatmates-f7413/us-central1/api/cities/2-bhk-house-for-rent-in-hsr-layout --> us-central1-api
[debug] [2022-04-29T14:14:59.140Z] [worker-pool] Cleaned up workers for us-central1-api: 1 --> 0 {"metadata":{"emulator":{"name":"functions"},"message":"[worker-pool] Cleaned up workers for us-central1-api: 1 --> 0"}}
[debug] [2022-04-29T14:14:59.161Z] [worker-pool] addWorker(us-central1-api) {"metadata":{"emulator":{"name":"functions"},"message":"[worker-pool] addWorker(us-central1-api)"}}
[debug] [2022-04-29T14:14:59.162Z] [worker-pool] Adding worker with key us-central1-api, total=1 {"metadata":{"emulator":{"name":"functions"},"message":"[worker-pool] Adding worker with key us-central1-api, total=1"}}
[debug] [2022-04-29T14:14:59.162Z] [worker-pool] submitWork(triggerId=us-central1-api) {"metadata":{"emulator":{"name":"functions"},"message":"[worker-pool] submitWork(triggerId=us-central1-api)"}}
[debug] [2022-04-29T14:14:59.162Z] [worker-us-central1-api-4a617522-d57e-42c8-b888-0010298edf9a]: Assigning socketPath: /tmp/fire_emu_10606.sock {"metadata":{"emulator":{"name":"functions"},"message":"[worker-us-central1-api-4a617522-d57e-42c8-b888-0010298edf9a]: Assigning socketPath: /tmp/fire_emu_10606.sock"}}
[debug] [2022-04-29T14:14:59.168Z] [worker-us-central1-api-4a617522-d57e-42c8-b888-0010298edf9a]: BUSY {"metadata":{"emulator":{"name":"functions"},"message":"[worker-us-central1-api-4a617522-d57e-42c8-b888-0010298edf9a]: BUSY"}}
[debug] [2022-04-29T14:15:01.663Z] [runtime-status] [10606] Functions runtime initialized. {"cwd":"/home/sampath/Documents/intern-tasks/quickstay/functions","node_version":"16.13.2"} {"metadata":{"emulator":{"name":"functions"},"function":{"name":"us-central1-api"},"extension":{},"message":"[runtime-status] [10606] Functions runtime initialized. {\"cwd\":\"/home/sampath/Documents/intern-tasks/quickstay/functions\",\"node_version\":\"16.13.2\"}"}}
[debug] [2022-04-29T14:15:01.670Z] [runtime-status] [10606] Disabled runtime features: undefined {"metadata":{"emulator":{"name":"functions"},"function":{"name":"us-central1-api"},"extension":{},"message":"[runtime-status] [10606] Disabled runtime features: undefined"}}
[debug] [2022-04-29T14:15:01.674Z] [runtime-status] [10606] Resolved module firebase-admin {"declared":true,"installed":true,"version":"10.0.2","resolution":"/home/sampath/Documents/intern-tasks/quickstay/functions/node_modules/firebase-admin/lib/index.js"} {"metadata":{"emulator":{"name":"functions"},"function":{"name":"us-central1-api"},"extension":{},"message":"[runtime-status] [10606] Resolved module firebase-admin {\"declared\":true,\"installed\":true,\"version\":\"10.0.2\",\"resolution\":\"/home/sampath/Documents/intern-tasks/quickstay/functions/node_modules/firebase-admin/lib/index.js\"}"}}
[debug] [2022-04-29T14:15:01.676Z] [runtime-status] [10606] Resolved module firebase-functions {"declared":true,"installed":true,"version":"3.18.1","resolution":"/home/sampath/Documents/intern-tasks/quickstay/functions/node_modules/firebase-functions/lib/index.js"} {"metadata":{"emulator":{"name":"functions"},"function":{"name":"us-central1-api"},"extension":{},"message":"[runtime-status] [10606] Resolved module firebase-functions {\"declared\":true,\"installed\":true,\"version\":\"3.18.1\",\"resolution\":\"/home/sampath/Documents/intern-tasks/quickstay/functions/node_modules/firebase-functions/lib/index.js\"}"}}
[debug] [2022-04-29T14:15:01.678Z] [runtime-status] [10606] Outgoing network have been stubbed. [{"name":"http","status":"mocked"},{"name":"http","status":"mocked"},{"name":"https","status":"mocked"},{"name":"https","status":"mocked"},{"name":"net","status":"mocked"}] {"metadata":{"emulator":{"name":"functions"},"function":{"name":"us-central1-api"},"extension":{},"message":"[runtime-status] [10606] Outgoing network have been stubbed. [{\"name\":\"http\",\"status\":\"mocked\"},{\"name\":\"http\",\"status\":\"mocked\"},{\"name\":\"https\",\"status\":\"mocked\"},{\"name\":\"https\",\"status\":\"mocked\"},{\"name\":\"net\",\"status\":\"mocked\"}]"}}
[debug] [2022-04-29T14:15:01.680Z] [runtime-status] [10606] Resolved module firebase-functions {"declared":true,"installed":true,"version":"3.18.1","resolution":"/home/sampath/Documents/intern-tasks/quickstay/functions/node_modules/firebase-functions/lib/index.js"} {"metadata":{"emulator":{"name":"functions"},"function":{"name":"us-central1-api"},"extension":{},"message":"[runtime-status] [10606] Resolved module firebase-functions {\"declared\":true,\"installed\":true,\"version\":\"3.18.1\",\"resolution\":\"/home/sampath/Documents/intern-tasks/quickstay/functions/node_modules/firebase-functions/lib/index.js\"}"}}
[debug] [2022-04-29T14:15:01.759Z] [runtime-status] [10606] Checked functions.config() {"config":{}} {"metadata":{"emulator":{"name":"functions"},"function":{"name":"us-central1-api"},"extension":{},"message":"[runtime-status] [10606] Checked functions.config() {\"config\":{}}"}}
[debug] [2022-04-29T14:15:01.760Z] [runtime-status] [10606] firebase-functions has been stubbed. {"functionsResolution":{"declared":true,"installed":true,"version":"3.18.1","resolution":"/home/sampath/Documents/intern-tasks/quickstay/functions/node_modules/firebase-functions/lib/index.js"}} {"metadata":{"emulator":{"name":"functions"},"function":{"name":"us-central1-api"},"extension":{},"message":"[runtime-status] [10606] firebase-functions has been stubbed. {\"functionsResolution\":{\"declared\":true,\"installed\":true,\"version\":\"3.18.1\",\"resolution\":\"/home/sampath/Documents/intern-tasks/quickstay/functions/node_modules/firebase-functions/lib/index.js\"}}"}}
[debug] [2022-04-29T14:15:01.769Z] [runtime-status] [10606] Resolved module firebase-functions {"declared":true,"installed":true,"version":"3.18.1","resolution":"/home/sampath/Documents/intern-tasks/quickstay/functions/node_modules/firebase-functions/lib/index.js"} {"metadata":{"emulator":{"name":"functions"},"function":{"name":"us-central1-api"},"extension":{},"message":"[runtime-status] [10606] Resolved module firebase-functions {\"declared\":true,\"installed\":true,\"version\":\"3.18.1\",\"resolution\":\"/home/sampath/Documents/intern-tasks/quickstay/functions/node_modules/firebase-functions/lib/index.js\"}"}}
[debug] [2022-04-29T14:15:01.770Z] [runtime-status] [10606] Resolved module firebase-admin {"declared":true,"installed":true,"version":"10.0.2","resolution":"/home/sampath/Documents/intern-tasks/quickstay/functions/node_modules/firebase-admin/lib/index.js"} {"metadata":{"emulator":{"name":"functions"},"function":{"name":"us-central1-api"},"extension":{},"message":"[runtime-status] [10606] Resolved module firebase-admin {\"declared\":true,\"installed\":true,\"version\":\"10.0.2\",\"resolution\":\"/home/sampath/Documents/intern-tasks/quickstay/functions/node_modules/firebase-admin/lib/index.js\"}"}}
[debug] [2022-04-29T14:15:01.770Z] [runtime-status] [10606] Resolved module firebase-functions {"declared":true,"installed":true,"version":"3.18.1","resolution":"/home/sampath/Documents/intern-tasks/quickstay/functions/node_modules/firebase-functions/lib/index.js"} {"metadata":{"emulator":{"name":"functions"},"function":{"name":"us-central1-api"},"extension":{},"message":"[runtime-status] [10606] Resolved module firebase-functions {\"declared\":true,\"installed\":true,\"version\":\"3.18.1\",\"resolution\":\"/home/sampath/Documents/intern-tasks/quickstay/functions/node_modules/firebase-functions/lib/index.js\"}"}}
[debug] [2022-04-29T14:15:01.771Z] [runtime-status] [10606] firebase-admin has been stubbed. {"adminResolution":{"declared":true,"installed":true,"version":"10.0.2","resolution":"/home/sampath/Documents/intern-tasks/quickstay/functions/node_modules/firebase-admin/lib/index.js"}} {"metadata":{"emulator":{"name":"functions"},"function":{"name":"us-central1-api"},"extension":{},"message":"[runtime-status] [10606] firebase-admin has been stubbed. {\"adminResolution\":{\"declared\":true,\"installed\":true,\"version\":\"10.0.2\",\"resolution\":\"/home/sampath/Documents/intern-tasks/quickstay/functions/node_modules/firebase-admin/lib/index.js\"}}"}}
[debug] [2022-04-29T14:15:02.235Z] [runtime-status] [10606] Beginning invocation function api! {"metadata":{"emulator":{"name":"functions"},"function":{"name":"us-central1-api"},"extension":{},"message":"[runtime-status] [10606] Beginning invocation function api!"}}
[info] i  functions: Beginning execution of "api" {"metadata":{"emulator":{"name":"functions"},"function":{"name":"us-central1-api"},"extension":{},"message":"Beginning execution of \"api\""}}
[debug] [2022-04-29T14:15:02.237Z] [runtime-status] [10606] Running api in signature http {"metadata":{"emulator":{"name":"functions"},"function":{"name":"us-central1-api"},"extension":{},"message":"[runtime-status] [10606] Running api in signature http"}}
[debug] [2022-04-29T14:15:02.247Z] [runtime-status] [10606] Attempting to listen to socketPath: /tmp/fire_emu_10606.sock {"metadata":{"emulator":{"name":"functions"},"function":{"name":"us-central1-api"},"extension":{},"message":"[runtime-status] [10606] Attempting to listen to socketPath: /tmp/fire_emu_10606.sock"}}
[debug] [2022-04-29T14:15:02.256Z] [functions] Runtime ready! Sending request! {"metadata":{"emulator":{"name":"functions"},"message":"[functions] Runtime ready! Sending request!"}}
[debug] [2022-04-29T14:15:02.257Z] [functions] Got req.url=/flat-and-flatmates-f7413/us-central1/api/cities/2-bhk-house-for-rent-in-hsr-layout, mapping to path=/cities/2-bhk-house-for-rent-in-hsr-layout {"metadata":{"emulator":{"name":"functions"},"message":"[functions] Got req.url=/flat-and-flatmates-f7413/us-central1/api/cities/2-bhk-house-for-rent-in-hsr-layout, mapping to path=/cities/2-bhk-house-for-rent-in-hsr-layout"}}
[debug] [2022-04-29T14:15:02.309Z] [runtime-status] [10606] Ephemeral server handling GET request {"metadata":{"emulator":{"name":"functions"},"function":{"name":"us-central1-api"},"extension":{},"message":"[runtime-status] [10606] Ephemeral server handling GET request"}}
[debug] [2022-04-29T14:15:02.341Z] <<< [apiv2][status] GET http://localhost:5001/flat-and-flatmates-f7413/us-central1/api/cities/2-bhk-house-for-rent-in-hsr-layout 200
[debug] [2022-04-29T14:15:02.341Z] <<< [apiv2][body] GET http://localhost:5001/flat-and-flatmates-f7413/us-central1/api/cities/2-bhk-house-for-rent-in-hsr-layout [stream]
[info] i  hosting: 127.0.0.1 - - [29/Apr/2022:14:15:02 +0000] "GET /cities/2-bhk-house-for-rent-in-hsr-layout HTTP/1.1" 200 4968 "http://localhost:5000/cities/1-rk-on-rent-for-girls-in-hsr-layout" "Mozilla/5.0 (X11; Linux x86_64) AppleWebKit/537.36 (KHTML, like Gecko) Chrome/101.0.4951.41 Safari/537.36" {"metadata":{"emulator":{"name":"hosting"},"message":"127.0.0.1 - - [29/Apr/2022:14:15:02 +0000] \"GET /cities/2-bhk-house-for-rent-in-hsr-layout HTTP/1.1\" 200 4968 \"http://localhost:5000/cities/1-rk-on-rent-for-girls-in-hsr-layout\" \"Mozilla/5.0 (X11; Linux x86_64) AppleWebKit/537.36 (KHTML, like Gecko) Chrome/101.0.4951.41 Safari/537.36\""}}
[debug] [2022-04-29T14:15:02.369Z] [runtime-status] [10606] Ephemeral server survived. {"metadata":{"emulator":{"name":"functions"},"function":{"name":"us-central1-api"},"extension":{},"message":"[runtime-status] [10606] Ephemeral server survived."}}
[info] i  functions: Finished "api" in ~1s {"metadata":{"emulator":{"name":"functions"},"function":{"name":"us-central1-api"},"extension":{},"message":"Finished \"api\" in ~1s"}}
[debug] [2022-04-29T14:15:02.370Z] [worker-us-central1-api-4a617522-d57e-42c8-b888-0010298edf9a]: IDLE {"metadata":{"emulator":{"name":"functions"},"message":"[worker-us-central1-api-4a617522-d57e-42c8-b888-0010298edf9a]: IDLE"}}
[debug] [2022-04-29T14:15:02.371Z] [work-queue] {"queueLength":0,"workRunningCount":0}
[info] i  hosting: 127.0.0.1 - - [29/Apr/2022:14:15:14 +0000] "GET /static/js/main.76929c6d.chunk.js.map HTTP/1.1" 200 422718 "-" "Mozilla/5.0 (X11; Linux x86_64) AppleWebKit/537.36 (KHTML, like Gecko) Chrome/101.0.4951.41 Safari/537.36" {"metadata":{"emulator":{"name":"hosting"},"message":"127.0.0.1 - - [29/Apr/2022:14:15:14 +0000] \"GET /static/js/main.76929c6d.chunk.js.map HTTP/1.1\" 200 422718 \"-\" \"Mozilla/5.0 (X11; Linux x86_64) AppleWebKit/537.36 (KHTML, like Gecko) Chrome/101.0.4951.41 Safari/537.36\""}}
[info] i  hosting: 127.0.0.1 - - [29/Apr/2022:14:15:15 +0000] "GET /static/js/2.8d0a9f14.chunk.js.map HTTP/1.1" 200 4520004 "-" "Mozilla/5.0 (X11; Linux x86_64) AppleWebKit/537.36 (KHTML, like Gecko) Chrome/101.0.4951.41 Safari/537.36" {"metadata":{"emulator":{"name":"hosting"},"message":"127.0.0.1 - - [29/Apr/2022:14:15:15 +0000] \"GET /static/js/2.8d0a9f14.chunk.js.map HTTP/1.1\" 200 4520004 \"-\" \"Mozilla/5.0 (X11; Linux x86_64) AppleWebKit/537.36 (KHTML, like Gecko) Chrome/101.0.4951.41 Safari/537.36\""}}
[info] i  hosting: 127.0.0.1 - - [29/Apr/2022:14:15:19 +0000] "GET /static/css/2.e3c62735.chunk.css.map HTTP/1.1" 200 9122 "-" "Mozilla/5.0 (X11; Linux x86_64) AppleWebKit/537.36 (KHTML, like Gecko) Chrome/101.0.4951.41 Safari/537.36" {"metadata":{"emulator":{"name":"hosting"},"message":"127.0.0.1 - - [29/Apr/2022:14:15:19 +0000] \"GET /static/css/2.e3c62735.chunk.css.map HTTP/1.1\" 200 9122 \"-\" \"Mozilla/5.0 (X11; Linux x86_64) AppleWebKit/537.36 (KHTML, like Gecko) Chrome/101.0.4951.41 Safari/537.36\""}}
[info] i  hosting: 127.0.0.1 - - [29/Apr/2022:14:15:19 +0000] "GET /static/css/main.b176d05d.chunk.css.map HTTP/1.1" 200 182304 "-" "Mozilla/5.0 (X11; Linux x86_64) AppleWebKit/537.36 (KHTML, like Gecko) Chrome/101.0.4951.41 Safari/537.36" {"metadata":{"emulator":{"name":"hosting"},"message":"127.0.0.1 - - [29/Apr/2022:14:15:19 +0000] \"GET /static/css/main.b176d05d.chunk.css.map HTTP/1.1\" 200 182304 \"-\" \"Mozilla/5.0 (X11; Linux x86_64) AppleWebKit/537.36 (KHTML, like Gecko) Chrome/101.0.4951.41 Safari/537.36\""}}
[info] [hosting] Rewriting /cities/room-for-rent-for-boys-in-bellandur to http://localhost:5001/flat-and-flatmates-f7413/us-central1/api for local Function us-central1/api
[debug] [2022-04-29T14:15:32.899Z] >>> [apiv2][query] GET http://localhost:5001/flat-and-flatmates-f7413/us-central1/api/cities/room-for-rent-for-boys-in-bellandur 
[debug] [2022-04-29T14:15:32.953Z] [work-queue] {"queueLength":1,"workRunningCount":0}
[debug] [2022-04-29T14:15:32.953Z] [work-queue] {"queueLength":0,"workRunningCount":1}
[debug] [2022-04-29T14:15:32.954Z] Accepted request GET /flat-and-flatmates-f7413/us-central1/api/cities/room-for-rent-for-boys-in-bellandur --> us-central1-api
[debug] [2022-04-29T14:15:32.954Z] [worker-pool] submitWork(triggerId=us-central1-api) {"metadata":{"emulator":{"name":"functions"},"message":"[worker-pool] submitWork(triggerId=us-central1-api)"}}
[debug] [2022-04-29T14:15:32.954Z] [worker-us-central1-api-4a617522-d57e-42c8-b888-0010298edf9a]: Assigning socketPath: /tmp/fire_emu_10606.sock {"metadata":{"emulator":{"name":"functions"},"message":"[worker-us-central1-api-4a617522-d57e-42c8-b888-0010298edf9a]: Assigning socketPath: /tmp/fire_emu_10606.sock"}}
[debug] [2022-04-29T14:15:32.955Z] [worker-us-central1-api-4a617522-d57e-42c8-b888-0010298edf9a]: BUSY {"metadata":{"emulator":{"name":"functions"},"message":"[worker-us-central1-api-4a617522-d57e-42c8-b888-0010298edf9a]: BUSY"}}
[debug] [2022-04-29T14:15:32.975Z] [runtime-status] [10606] Beginning invocation function api! {"metadata":{"emulator":{"name":"functions"},"function":{"name":"us-central1-api"},"extension":{},"message":"[runtime-status] [10606] Beginning invocation function api!"}}
[info] i  functions: Beginning execution of "api" {"metadata":{"emulator":{"name":"functions"},"function":{"name":"us-central1-api"},"extension":{},"message":"Beginning execution of \"api\""}}
[debug] [2022-04-29T14:15:32.981Z] [runtime-status] [10606] Running api in signature http {"metadata":{"emulator":{"name":"functions"},"function":{"name":"us-central1-api"},"extension":{},"message":"[runtime-status] [10606] Running api in signature http"}}
[debug] [2022-04-29T14:15:32.981Z] [runtime-status] [10606] Attempting to listen to socketPath: /tmp/fire_emu_10606.sock {"metadata":{"emulator":{"name":"functions"},"function":{"name":"us-central1-api"},"extension":{},"message":"[runtime-status] [10606] Attempting to listen to socketPath: /tmp/fire_emu_10606.sock"}}
[debug] [2022-04-29T14:15:33.012Z] [functions] Runtime ready! Sending request! {"metadata":{"emulator":{"name":"functions"},"message":"[functions] Runtime ready! Sending request!"}}
[debug] [2022-04-29T14:15:33.020Z] [functions] Got req.url=/flat-and-flatmates-f7413/us-central1/api/cities/room-for-rent-for-boys-in-bellandur, mapping to path=/cities/room-for-rent-for-boys-in-bellandur {"metadata":{"emulator":{"name":"functions"},"message":"[functions] Got req.url=/flat-and-flatmates-f7413/us-central1/api/cities/room-for-rent-for-boys-in-bellandur, mapping to path=/cities/room-for-rent-for-boys-in-bellandur"}}
[debug] [2022-04-29T14:15:33.044Z] [runtime-status] [10606] Ephemeral server handling GET request {"metadata":{"emulator":{"name":"functions"},"function":{"name":"us-central1-api"},"extension":{},"message":"[runtime-status] [10606] Ephemeral server handling GET request"}}
[debug] [2022-04-29T14:15:33.045Z] [runtime-status] [10606] Ephemeral server survived. {"metadata":{"emulator":{"name":"functions"},"function":{"name":"us-central1-api"},"extension":{},"message":"[runtime-status] [10606] Ephemeral server survived."}}
[info] i  functions: Finished "api" in ~1s {"metadata":{"emulator":{"name":"functions"},"function":{"name":"us-central1-api"},"extension":{},"message":"Finished \"api\" in ~1s"}}
[debug] [2022-04-29T14:15:33.047Z] [worker-us-central1-api-4a617522-d57e-42c8-b888-0010298edf9a]: IDLE {"metadata":{"emulator":{"name":"functions"},"message":"[worker-us-central1-api-4a617522-d57e-42c8-b888-0010298edf9a]: IDLE"}}
[debug] [2022-04-29T14:15:33.047Z] [work-queue] {"queueLength":0,"workRunningCount":0}
[debug] [2022-04-29T14:15:33.060Z] <<< [apiv2][status] GET http://localhost:5001/flat-and-flatmates-f7413/us-central1/api/cities/room-for-rent-for-boys-in-bellandur 200
[debug] [2022-04-29T14:15:33.061Z] <<< [apiv2][body] GET http://localhost:5001/flat-and-flatmates-f7413/us-central1/api/cities/room-for-rent-for-boys-in-bellandur [stream]
[info] i  hosting: 127.0.0.1 - - [29/Apr/2022:14:15:33 +0000] "GET /cities/room-for-rent-for-boys-in-bellandur HTTP/1.1" 200 4971 "http://localhost:5000/cities/2-bhk-house-for-rent-in-hsr-layout" "Mozilla/5.0 (X11; Linux x86_64) AppleWebKit/537.36 (KHTML, like Gecko) Chrome/101.0.4951.41 Safari/537.36" {"metadata":{"emulator":{"name":"hosting"},"message":"127.0.0.1 - - [29/Apr/2022:14:15:33 +0000] \"GET /cities/room-for-rent-for-boys-in-bellandur HTTP/1.1\" 200 4971 \"http://localhost:5000/cities/2-bhk-house-for-rent-in-hsr-layout\" \"Mozilla/5.0 (X11; Linux x86_64) AppleWebKit/537.36 (KHTML, like Gecko) Chrome/101.0.4951.41 Safari/537.36\""}}
[info] i  hosting: 127.0.0.1 - - [29/Apr/2022:14:15:34 +0000] "GET /static/css/2.e3c62735.chunk.css.map HTTP/1.1" 200 9122 "-" "Mozilla/5.0 (X11; Linux x86_64) AppleWebKit/537.36 (KHTML, like Gecko) Chrome/101.0.4951.41 Safari/537.36" {"metadata":{"emulator":{"name":"hosting"},"message":"127.0.0.1 - - [29/Apr/2022:14:15:34 +0000] \"GET /static/css/2.e3c62735.chunk.css.map HTTP/1.1\" 200 9122 \"-\" \"Mozilla/5.0 (X11; Linux x86_64) AppleWebKit/537.36 (KHTML, like Gecko) Chrome/101.0.4951.41 Safari/537.36\""}}
[info] i  hosting: 127.0.0.1 - - [29/Apr/2022:14:15:34 +0000] "GET /static/css/main.b176d05d.chunk.css.map HTTP/1.1" 200 182304 "-" "Mozilla/5.0 (X11; Linux x86_64) AppleWebKit/537.36 (KHTML, like Gecko) Chrome/101.0.4951.41 Safari/537.36" {"metadata":{"emulator":{"name":"hosting"},"message":"127.0.0.1 - - [29/Apr/2022:14:15:34 +0000] \"GET /static/css/main.b176d05d.chunk.css.map HTTP/1.1\" 200 182304 \"-\" \"Mozilla/5.0 (X11; Linux x86_64) AppleWebKit/537.36 (KHTML, like Gecko) Chrome/101.0.4951.41 Safari/537.36\""}}
[info] i  hosting: 127.0.0.1 - - [29/Apr/2022:14:15:35 +0000] "GET /static/js/main.76929c6d.chunk.js.map HTTP/1.1" 200 422718 "-" "Mozilla/5.0 (X11; Linux x86_64) AppleWebKit/537.36 (KHTML, like Gecko) Chrome/101.0.4951.41 Safari/537.36" {"metadata":{"emulator":{"name":"hosting"},"message":"127.0.0.1 - - [29/Apr/2022:14:15:35 +0000] \"GET /static/js/main.76929c6d.chunk.js.map HTTP/1.1\" 200 422718 \"-\" \"Mozilla/5.0 (X11; Linux x86_64) AppleWebKit/537.36 (KHTML, like Gecko) Chrome/101.0.4951.41 Safari/537.36\""}}
[info] i  hosting: 127.0.0.1 - - [29/Apr/2022:14:15:36 +0000] "GET /static/js/2.8d0a9f14.chunk.js.map HTTP/1.1" 200 4520004 "-" "Mozilla/5.0 (X11; Linux x86_64) AppleWebKit/537.36 (KHTML, like Gecko) Chrome/101.0.4951.41 Safari/537.36" {"metadata":{"emulator":{"name":"hosting"},"message":"127.0.0.1 - - [29/Apr/2022:14:15:36 +0000] \"GET /static/js/2.8d0a9f14.chunk.js.map HTTP/1.1\" 200 4520004 \"-\" \"Mozilla/5.0 (X11; Linux x86_64) AppleWebKit/537.36 (KHTML, like Gecko) Chrome/101.0.4951.41 Safari/537.36\""}}
[debug] [2022-04-29T14:16:26.782Z] File /home/sampath/Documents/intern-tasks/quickstay/functions/web/index.html changed, reloading triggers {"metadata":{"emulator":{"name":"functions"},"message":"File /home/sampath/Documents/intern-tasks/quickstay/functions/web/index.html changed, reloading triggers"}}
[debug] [2022-04-29T14:16:27.783Z] [worker-pool] Shutting down IDLE worker (us-central1-api) {"metadata":{"emulator":{"name":"functions"},"message":"[worker-pool] Shutting down IDLE worker (us-central1-api)"}}
[debug] [2022-04-29T14:16:27.784Z] [worker-us-central1-api-4a617522-d57e-42c8-b888-0010298edf9a]: FINISHING {"metadata":{"emulator":{"name":"functions"},"message":"[worker-us-central1-api-4a617522-d57e-42c8-b888-0010298edf9a]: FINISHING"}}
[debug] [2022-04-29T14:16:27.786Z] Validating nodejs source
[warn] ⚠  functions: package.json indicates an outdated version of firebase-functions. Please upgrade using npm install --save firebase-functions@latest in your functions directory. 
[debug] [2022-04-29T14:16:30.553Z] > [functions] package.json contents: {
  "name": "functions",
  "description": "Cloud Functions for Firebase",
  "scripts": {
    "serve": "firebase emulators:start --only functions",
    "shell": "firebase functions:shell",
    "start": "npm run shell",
    "deploy": "firebase deploy --only functions",
    "logs": "firebase functions:log"
  },
  "engines": {
    "node": "16"
  },
  "main": "index.js",
  "dependencies": {
    "cors": "^2.8.5",
    "crypto": "^1.0.1",
    "express": "^4.17.3",
    "firebase-admin": "^10.0.2",
    "firebase-functions": "^3.18.0",
    "razorpay": "^2.8.0"
  },
  "devDependencies": {
    "firebase-functions-test": "^0.2.0"
  },
  "private": true
}
[debug] [2022-04-29T14:16:30.553Z] Building nodejs source
[debug] [2022-04-29T14:16:30.553Z] Analyzing nodejs backend spec
[debug] [2022-04-29T14:16:30.571Z] [worker-us-central1-api-4a617522-d57e-42c8-b888-0010298edf9a]: exited {"metadata":{"emulator":{"name":"functions"},"message":"[worker-us-central1-api-4a617522-d57e-42c8-b888-0010298edf9a]: exited"}}
[debug] [2022-04-29T14:16:30.571Z] [worker-us-central1-api-4a617522-d57e-42c8-b888-0010298edf9a]: FINISHED {"metadata":{"emulator":{"name":"functions"},"message":"[worker-us-central1-api-4a617522-d57e-42c8-b888-0010298edf9a]: FINISHED"}}
